2024-07-15 13:12 +08:00: [
  [32m'article.js'[39m,
  [32m'category.js'[39m,
  [32m'index.js'[39m,
  [32m'label.js'[39m,
  [32m'login.js'[39m,
  [32m'user.js'[39m
] -----
2024-07-15 13:12 +08:00: [
  [32m'article.js'[39m,
  [32m'category.js'[39m,
  [32m'index.js'[39m,
  [32m'label.js'[39m,
  [32m'login.js'[39m,
  [32m'user.js'[39m
] -----
2024-07-15 13:12 +08:00: article.js 加载成功
2024-07-15 13:12 +08:00: category.js 加载成功
2024-07-15 13:12 +08:00: label.js 加载成功
2024-07-15 13:12 +08:00: login.js 加载成功
2024-07-15 13:12 +08:00: user.js 加载成功
2024-07-15 13:12 +08:00:  Line:17 🍇 /
2024-07-15 13:12 +08:00: server is running at port 3001
2024-07-15 13:12 +08:00: [0m [48;5;59m[38;5;59m▄[48;5;59m[38;5;59m▄[48;5;59m[38;5;59m▄[48;5;59m[38;5;59m▄[48;5;59m[38;5;59m▄[48;5;59m[38;5;59m▄[0m [0m [0m [0m [0m [0m [0m [0m [0m [0m [0m [0m [0m [0m [0m [0m [0m [0m [48;5;59m[38;5;59m▄[48;5;59m[38;5;59m▄[48;5;59m[38;5;59m▄[48;5;59m[38;5;59m▄[48;5;59m[38;5;59m▄[48;5;59m[38;5;59m▄[0m [0m
[48;5;59m[38;5;59m▄[48;5;59m[38;5;59m▄[48;5;59m[38;5;16m▄[0m [48;5;59m[38;5;16m▄[48;5;59m[38;5;16m▄[48;5;59m[38;5;16m▄[48;5;59m[38;5;59m▄[48;5;59m[38;5;59m▄[48;5;59m[38;5;59m▄[48;5;59m[38;5;59m▄[48;5;59m[38;5;59m▄[48;5;59m[38;5;59m▄[48;5;59m[38;5;16m▄[48;5;59m[38;5;16m▄[48;5;59m[38;5;16m▄[48;5;59m[38;5;16m▄[48;5;59m[38;5;16m▄[48;5;59m[38;5;16m▄[48;5;59m[38;5;59m▄[48;5;59m[38;5;59m▄[48;5;59m[38;5;59m▄[48;5;59m[38;5;59m▄[48;5;59m[38;5;59m▄[48;5;59m[38;5;59m▄[48;5;59m[38;5;16m▄[48;5;59m[38;5;16m▄[48;5;59m[38;5;16m▄[0m [48;5;59m[38;5;16m▄[48;5;59m[38;5;59m▄[48;5;59m[38;5;59m▄[0m
[48;5;59m[38;5;59m▄[48;5;59m[38;5;59m▄[0m [0m [0m [0m [48;5;59m[38;5;59m▄[48;5;59m[38;5;59m▄[48;5;59m[38;5;59m▄[48;5;59m[38;5;16m▄[0m [0m [0m [0m [0m [0m [0m [0m [0m [0m [0m [0m [48;5;59m[38;5;16m▄[48;5;59m[38;5;59m▄[48;5;59m[38;5;59m▄[48;5;59m[38;5;59m▄[0m [0m [0m [0m [48;5;59m[38;5;59m▄[48;5;59m[38;5;59m▄[0m
[48;5;59m[38;5;59m▄[48;5;59m[38;5;59m▄[0m [0m [48;5;59m[38;5;59m▄[48;5;59m[38;5;59m▄[48;5;59m[38;5;16m▄[0m [0m [0m [0m [0m [0m [0m [0m [0m [0m [0m [0m [0m [0m [0m [0m [0m [48;5;59m[38;5;16m▄[48;5;59m[38;5;59m▄[48;5;59m[38;5;59m▄[48;5;59m[38;5;59m▄[0m [0m [48;5;59m[38;5;59m▄[48;5;59m[38;5;59m▄[0m
[48;5;59m[38;5;59m▄[48;5;59m[38;5;59m▄[48;5;59m[38;5;59m▄[48;5;59m[38;5;59m▄[48;5;59m[38;5;59m▄[48;5;59m[38;5;16m▄[0m [0m [0m [0m [0m [0m [0m [0m [0m [0m [0m [0m [0m [0m [0m [0m [0m [0m [0m [0m [48;5;59m[38;5;16m▄[48;5;59m[38;5;59m▄[48;5;59m[38;5;59m▄[48;5;59m[38;5;59m▄[48;5;59m[38;5;59m▄[48;5;59m[38;5;59m▄[0m
[48;5;59m[38;5;59m▄[48;5;59m[38;5;59m▄[48;5;59m[38;5;59m▄[48;5;59m[38;5;59m▄[48;5;59m[38;5;16m▄[0m [0m [0m [0m [0m [0m [0m [0m [0m [0m [0m [0m [0m [0m [0m [0m [0m [0m [0m [0m [0m [0m [48;5;59m[38;5;16m▄[48;5;59m[38;5;59m▄[48;5;59m[38;5;59m▄[48;5;59m[38;5;59m▄[48;5;59m[38;5;59m▄[0m
[0m [48;5;59m[38;5;59m▄[48;5;59m[38;5;59m▄[48;5;59m[38;5;16m▄[0m [0m [0m [0m [0m [0m [0m [0m [0m [0m [0m [0m [0m [0m [0m [0m [0m [0m [0m [0m [0m [0m [0m [0m [48;5;59m[38;5;16m▄[48;5;59m[38;5;59m▄[48;5;59m[38;5;59m▄[0m [0m
[48;5;59m[38;5;59m▄[48;5;59m[38;5;59m▄[48;5;59m[38;5;59m▄[0m [0m [0m [0m [0m [48;5;59m[38;5;59m▄[48;5;59m[38;5;59m▄[48;5;59m[38;5;59m▄[48;5;59m[38;5;59m▄[0m [0m [0m [0m [0m [0m [0m [0m [48;5;59m[38;5;59m▄[48;5;59m[38;5;59m▄[48;5;59m[38;5;59m▄[48;5;59m[38;5;59m▄[0m [0m [0m [0m [0m [48;5;59m[38;5;59m▄[48;5;59m[38;5;59m▄[48;5;59m[38;5;59m▄[0m
[48;5;59m[38;5;59m▄[48;5;59m[38;5;59m▄[48;5;59m[38;5;16m▄[0m [0m [0m [0m [0m [48;5;59m[38;5;16m▄[48;5;59m[38;5;16m▄[48;5;59m[38;5;16m▄[48;5;59m[38;5;16m▄[0m [0m [0m [0m [0m [0m [0m [0m [48;5;59m[38;5;16m▄[48;5;59m[38;5;16m▄[48;5;59m[38;5;16m▄[48;5;59m[38;5;16m▄[0m [0m [0m [0m [0m [48;5;59m[38;5;16m▄[48;5;59m[38;5;59m▄[48;5;59m[38;5;59m▄[0m
[48;5;59m[38;5;59m▄[48;5;59m[38;5;59m▄[0m [0m [0m [0m [0m [0m [0m [0m [0m [0m [0m [0m [0m [0m [0m [0m [0m [0m [0m [0m [0m [0m [0m [0m [0m [0m [0m [0m [48;5;59m[38;5;59m▄[48;5;59m[38;5;59m▄[0m
[48;5;59m[38;5;59m▄[48;5;59m[38;5;59m▄[0m [0m [0m [48;5;59m[38;5;16m▄[48;5;59m[38;5;16m▄[48;5;59m[38;5;16m▄[0m [0m [0m [48;5;59m[38;5;59m▄[0m [0m [0m [48;5;59m[38;5;59m▄[48;5;59m[38;5;59m▄[0m [0m [0m [48;5;59m[38;5;59m▄[0m [0m [0m [48;5;59m[38;5;16m▄[48;5;59m[38;5;16m▄[48;5;59m[38;5;16m▄[0m [0m [0m [48;5;59m[38;5;59m▄[48;5;59m[38;5;59m▄[0m
[48;5;59m[38;5;59m▄[48;5;59m[38;5;59m▄[48;5;59m[38;5;59m▄[0m [0m [0m [48;5;59m[38;5;59m▄[48;5;59m[38;5;59m▄[48;5;59m[38;5;16m▄[48;5;59m[38;5;16m▄[0m [48;5;59m[38;5;16m▄[48;5;59m[38;5;59m▄[48;5;59m[38;5;59m▄[48;5;59m[38;5;59m▄[48;5;59m[38;5;16m▄[48;5;59m[38;5;16m▄[48;5;59m[38;5;59m▄[48;5;59m[38;5;59m▄[48;5;59m[38;5;59m▄[48;5;59m[38;5;16m▄[0m [48;5;59m[38;5;16m▄[48;5;59m[38;5;59m▄[48;5;59m[38;5;59m▄[0m [0m [0m [0m [48;5;59m[38;5;59m▄[48;5;59m[38;5;59m▄[48;5;59m[38;5;59m▄[0m
[48;5;59m[38;5;16m▄[48;5;59m[38;5;59m▄[48;5;59m[38;5;59m▄[0m [0m [0m [0m [0m [0m [0m [0m [0m [0m [0m [0m [0m [0m [0m [0m [0m [0m [0m [0m [0m [0m [0m [0m [0m [48;5;59m[38;5;59m▄[48;5;59m[38;5;59m▄[48;5;59m[38;5;59m▄[0m [0m
[0m [48;5;59m[38;5;16m▄[48;5;59m[38;5;59m▄[48;5;59m[38;5;59m▄[48;5;59m[38;5;59m▄[48;5;59m[38;5;59m▄[0m [0m [0m [0m [0m [0m [0m [0m [0m [0m [0m [0m [0m [0m [0m [0m [0m [0m [0m [0m [48;5;59m[38;5;59m▄[48;5;59m[38;5;59m▄[48;5;59m[38;5;59m▄[48;5;59m[38;5;59m▄[48;5;16m[38;5;16m▄[0m [0m
[0m [0m [0m [48;5;59m[38;5;16m▄[48;5;59m[38;5;59m▄[48;5;59m[38;5;59m▄[48;5;59m[38;5;59m▄[48;5;59m[38;5;59m▄[48;5;59m[38;5;59m▄[0m [0m [0m [0m [0m [0m [0m [0m [0m [0m [0m [0m [0m [0m [48;5;59m[38;5;59m▄[48;5;59m[38;5;59m▄[48;5;59m[38;5;59m▄[48;5;59m[38;5;59m▄[48;5;59m[38;5;59m▄[48;5;59m[38;5;16m▄[0m [0m [0m [0m
[0m [0m [0m [0m [0m [0m [48;5;59m[38;5;16m▄[48;5;59m[38;5;16m▄[48;5;59m[38;5;16m▄[48;5;59m[38;5;59m▄[48;5;59m[38;5;59m▄[48;5;59m[38;5;59m▄[48;5;59m[38;5;59m▄[48;5;59m[38;5;59m▄[48;5;59m[38;5;59m▄[48;5;59m[38;5;59m▄[48;5;59m[38;5;59m▄[48;5;59m[38;5;59m▄[48;5;59m[38;5;59m▄[48;5;59m[38;5;59m▄[48;5;59m[38;5;59m▄[48;5;59m[38;5;59m▄[48;5;59m[38;5;59m▄[48;5;59m[38;5;16m▄[48;5;59m[38;5;16m▄[48;5;59m[38;5;16m▄[0m [0m [0m [0m [0m [0m [0m
2024-07-15 13:12 +08:00: 连接成功
2024-07-15 13:12 +08:00: [
  [32m'article.js'[39m,
  [32m'category.js'[39m,
  [32m'index.js'[39m,
  [32m'label.js'[39m,
  [32m'login.js'[39m,
  [32m'user.js'[39m
] -----
2024-07-15 13:12 +08:00: article.js 加载成功
2024-07-15 13:12 +08:00: category.js 加载成功
2024-07-15 13:12 +08:00: label.js 加载成功
2024-07-15 13:12 +08:00: login.js 加载成功
2024-07-15 13:12 +08:00: user.js 加载成功
2024-07-15 13:12 +08:00:  Line:17 🍇 /
2024-07-15 13:12 +08:00: server is running at port 3001
2024-07-15 13:12 +08:00: [0m [48;5;59m[38;5;59m▄[48;5;59m[38;5;59m▄[48;5;59m[38;5;59m▄[48;5;59m[38;5;59m▄[48;5;59m[38;5;59m▄[48;5;59m[38;5;59m▄[0m [0m [0m [0m [0m [0m [0m [0m [0m [0m [0m [0m [0m [0m [0m [0m [0m [0m [48;5;59m[38;5;59m▄[48;5;59m[38;5;59m▄[48;5;59m[38;5;59m▄[48;5;59m[38;5;59m▄[48;5;59m[38;5;59m▄[48;5;59m[38;5;59m▄[0m [0m
[48;5;59m[38;5;59m▄[48;5;59m[38;5;59m▄[48;5;59m[38;5;16m▄[0m [48;5;59m[38;5;16m▄[48;5;59m[38;5;16m▄[48;5;59m[38;5;16m▄[48;5;59m[38;5;59m▄[48;5;59m[38;5;59m▄[48;5;59m[38;5;59m▄[48;5;59m[38;5;59m▄[48;5;59m[38;5;59m▄[48;5;59m[38;5;59m▄[48;5;59m[38;5;16m▄[48;5;59m[38;5;16m▄[48;5;59m[38;5;16m▄[48;5;59m[38;5;16m▄[48;5;59m[38;5;16m▄[48;5;59m[38;5;16m▄[48;5;59m[38;5;59m▄[48;5;59m[38;5;59m▄[48;5;59m[38;5;59m▄[48;5;59m[38;5;59m▄[48;5;59m[38;5;59m▄[48;5;59m[38;5;59m▄[48;5;59m[38;5;16m▄[48;5;59m[38;5;16m▄[48;5;59m[38;5;16m▄[0m [48;5;59m[38;5;16m▄[48;5;59m[38;5;59m▄[48;5;59m[38;5;59m▄[0m
[48;5;59m[38;5;59m▄[48;5;59m[38;5;59m▄[0m [0m [0m [0m [48;5;59m[38;5;59m▄[48;5;59m[38;5;59m▄[48;5;59m[38;5;59m▄[48;5;59m[38;5;16m▄[0m [0m [0m [0m [0m [0m [0m [0m [0m [0m [0m [0m [48;5;59m[38;5;16m▄[48;5;59m[38;5;59m▄[48;5;59m[38;5;59m▄[48;5;59m[38;5;59m▄[0m [0m [0m [0m [48;5;59m[38;5;59m▄[48;5;59m[38;5;59m▄[0m
[48;5;59m[38;5;59m▄[48;5;59m[38;5;59m▄[0m [0m [48;5;59m[38;5;59m▄[48;5;59m[38;5;59m▄[48;5;59m[38;5;16m▄[0m [0m [0m [0m [0m [0m [0m [0m [0m [0m [0m [0m [0m [0m [0m [0m [0m [48;5;59m[38;5;16m▄[48;5;59m[38;5;59m▄[48;5;59m[38;5;59m▄[48;5;59m[38;5;59m▄[0m [0m [48;5;59m[38;5;59m▄[48;5;59m[38;5;59m▄[0m
[48;5;59m[38;5;59m▄[48;5;59m[38;5;59m▄[48;5;59m[38;5;59m▄[48;5;59m[38;5;59m▄[48;5;59m[38;5;59m▄[48;5;59m[38;5;16m▄[0m [0m [0m [0m [0m [0m [0m [0m [0m [0m [0m [0m [0m [0m [0m [0m [0m [0m [0m [0m [48;5;59m[38;5;16m▄[48;5;59m[38;5;59m▄[48;5;59m[38;5;59m▄[48;5;59m[38;5;59m▄[48;5;59m[38;5;59m▄[48;5;59m[38;5;59m▄[0m
[48;5;59m[38;5;59m▄[48;5;59m[38;5;59m▄[48;5;59m[38;5;59m▄[48;5;59m[38;5;59m▄[48;5;59m[38;5;16m▄[0m [0m [0m [0m [0m [0m [0m [0m [0m [0m [0m [0m [0m [0m [0m [0m [0m [0m [0m [0m [0m [0m [48;5;59m[38;5;16m▄[48;5;59m[38;5;59m▄[48;5;59m[38;5;59m▄[48;5;59m[38;5;59m▄[48;5;59m[38;5;59m▄[0m
[0m [48;5;59m[38;5;59m▄[48;5;59m[38;5;59m▄[48;5;59m[38;5;16m▄[0m [0m [0m [0m [0m [0m [0m [0m [0m [0m [0m [0m [0m [0m [0m [0m [0m [0m [0m [0m [0m [0m [0m [0m [48;5;59m[38;5;16m▄[48;5;59m[38;5;59m▄[48;5;59m[38;5;59m▄[0m [0m
[48;5;59m[38;5;59m▄[48;5;59m[38;5;59m▄[48;5;59m[38;5;59m▄[0m [0m [0m [0m [0m [48;5;59m[38;5;59m▄[48;5;59m[38;5;59m▄[48;5;59m[38;5;59m▄[48;5;59m[38;5;59m▄[0m [0m [0m [0m [0m [0m [0m [0m [48;5;59m[38;5;59m▄[48;5;59m[38;5;59m▄[48;5;59m[38;5;59m▄[48;5;59m[38;5;59m▄[0m [0m [0m [0m [0m [48;5;59m[38;5;59m▄[48;5;59m[38;5;59m▄[48;5;59m[38;5;59m▄[0m
[48;5;59m[38;5;59m▄[48;5;59m[38;5;59m▄[48;5;59m[38;5;16m▄[0m [0m [0m [0m [0m [48;5;59m[38;5;16m▄[48;5;59m[38;5;16m▄[48;5;59m[38;5;16m▄[48;5;59m[38;5;16m▄[0m [0m [0m [0m [0m [0m [0m [0m [48;5;59m[38;5;16m▄[48;5;59m[38;5;16m▄[48;5;59m[38;5;16m▄[48;5;59m[38;5;16m▄[0m [0m [0m [0m [0m [48;5;59m[38;5;16m▄[48;5;59m[38;5;59m▄[48;5;59m[38;5;59m▄[0m
[48;5;59m[38;5;59m▄[48;5;59m[38;5;59m▄[0m [0m [0m [0m [0m [0m [0m [0m [0m [0m [0m [0m [0m [0m [0m [0m [0m [0m [0m [0m [0m [0m [0m [0m [0m [0m [0m [0m [48;5;59m[38;5;59m▄[48;5;59m[38;5;59m▄[0m
[48;5;59m[38;5;59m▄[48;5;59m[38;5;59m▄[0m [0m [0m [48;5;59m[38;5;16m▄[48;5;59m[38;5;16m▄[48;5;59m[38;5;16m▄[0m [0m [0m [48;5;59m[38;5;59m▄[0m [0m [0m [48;5;59m[38;5;59m▄[48;5;59m[38;5;59m▄[0m [0m [0m [48;5;59m[38;5;59m▄[0m [0m [0m [48;5;59m[38;5;16m▄[48;5;59m[38;5;16m▄[48;5;59m[38;5;16m▄[0m [0m [0m [48;5;59m[38;5;59m▄[48;5;59m[38;5;59m▄[0m
[48;5;59m[38;5;59m▄[48;5;59m[38;5;59m▄[48;5;59m[38;5;59m▄[0m [0m [0m [48;5;59m[38;5;59m▄[48;5;59m[38;5;59m▄[48;5;59m[38;5;16m▄[48;5;59m[38;5;16m▄[0m [48;5;59m[38;5;16m▄[48;5;59m[38;5;59m▄[48;5;59m[38;5;59m▄[48;5;59m[38;5;59m▄[48;5;59m[38;5;16m▄[48;5;59m[38;5;16m▄[48;5;59m[38;5;59m▄[48;5;59m[38;5;59m▄[48;5;59m[38;5;59m▄[48;5;59m[38;5;16m▄[0m [48;5;59m[38;5;16m▄[48;5;59m[38;5;59m▄[48;5;59m[38;5;59m▄[0m [0m [0m [0m [48;5;59m[38;5;59m▄[48;5;59m[38;5;59m▄[48;5;59m[38;5;59m▄[0m
[48;5;59m[38;5;16m▄[48;5;59m[38;5;59m▄[48;5;59m[38;5;59m▄[0m [0m [0m [0m [0m [0m [0m [0m [0m [0m [0m [0m [0m [0m [0m [0m [0m [0m [0m [0m [0m [0m [0m [0m [0m [48;5;59m[38;5;59m▄[48;5;59m[38;5;59m▄[48;5;59m[38;5;59m▄[0m [0m
[0m [48;5;59m[38;5;16m▄[48;5;59m[38;5;59m▄[48;5;59m[38;5;59m▄[48;5;59m[38;5;59m▄[48;5;59m[38;5;59m▄[0m [0m [0m [0m [0m [0m [0m [0m [0m [0m [0m [0m [0m [0m [0m [0m [0m [0m [0m [0m [48;5;59m[38;5;59m▄[48;5;59m[38;5;59m▄[48;5;59m[38;5;59m▄[48;5;59m[38;5;59m▄[48;5;16m[38;5;16m▄[0m [0m
[0m [0m [0m [48;5;59m[38;5;16m▄[48;5;59m[38;5;59m▄[48;5;59m[38;5;59m▄[48;5;59m[38;5;59m▄[48;5;59m[38;5;59m▄[48;5;59m[38;5;59m▄[0m [0m [0m [0m [0m [0m [0m [0m [0m [0m [0m [0m [0m [0m [48;5;59m[38;5;59m▄[48;5;59m[38;5;59m▄[48;5;59m[38;5;59m▄[48;5;59m[38;5;59m▄[48;5;59m[38;5;59m▄[48;5;59m[38;5;16m▄[0m [0m [0m [0m
[0m [0m [0m [0m [0m [0m [48;5;59m[38;5;16m▄[48;5;59m[38;5;16m▄[48;5;59m[38;5;16m▄[48;5;59m[38;5;59m▄[48;5;59m[38;5;59m▄[48;5;59m[38;5;59m▄[48;5;59m[38;5;59m▄[48;5;59m[38;5;59m▄[48;5;59m[38;5;59m▄[48;5;59m[38;5;59m▄[48;5;59m[38;5;59m▄[48;5;59m[38;5;59m▄[48;5;59m[38;5;59m▄[48;5;59m[38;5;59m▄[48;5;59m[38;5;59m▄[48;5;59m[38;5;59m▄[48;5;59m[38;5;59m▄[48;5;59m[38;5;16m▄[48;5;59m[38;5;16m▄[48;5;59m[38;5;16m▄[0m [0m [0m [0m [0m [0m [0m
2024-07-15 13:12 +08:00: 连接成功
2024-07-15 13:46 +08:00: [
  [32m'article.js'[39m,
  [32m'category.js'[39m,
  [32m'index.js'[39m,
  [32m'label.js'[39m,
  [32m'login.js'[39m,
  [32m'user.js'[39m
] -----
2024-07-15 13:46 +08:00: article.js 加载成功
2024-07-15 13:46 +08:00: category.js 加载成功
2024-07-15 13:46 +08:00: label.js 加载成功
2024-07-15 13:46 +08:00: login.js 加载成功
2024-07-15 13:46 +08:00: user.js 加载成功
2024-07-15 13:46 +08:00:  Line:17 🍇 /
2024-07-15 13:46 +08:00: server is running at port 3001
2024-07-15 13:46 +08:00: [0m [48;5;59m[38;5;59m▄[48;5;59m[38;5;59m▄[48;5;59m[38;5;59m▄[48;5;59m[38;5;59m▄[48;5;59m[38;5;59m▄[48;5;59m[38;5;59m▄[0m [0m [0m [0m [0m [0m [0m [0m [0m [0m [0m [0m [0m [0m [0m [0m [0m [0m [48;5;59m[38;5;59m▄[48;5;59m[38;5;59m▄[48;5;59m[38;5;59m▄[48;5;59m[38;5;59m▄[48;5;59m[38;5;59m▄[48;5;59m[38;5;59m▄[0m [0m
[48;5;59m[38;5;59m▄[48;5;59m[38;5;59m▄[48;5;59m[38;5;16m▄[0m [48;5;59m[38;5;16m▄[48;5;59m[38;5;16m▄[48;5;59m[38;5;16m▄[48;5;59m[38;5;59m▄[48;5;59m[38;5;59m▄[48;5;59m[38;5;59m▄[48;5;59m[38;5;59m▄[48;5;59m[38;5;59m▄[48;5;59m[38;5;59m▄[48;5;59m[38;5;16m▄[48;5;59m[38;5;16m▄[48;5;59m[38;5;16m▄[48;5;59m[38;5;16m▄[48;5;59m[38;5;16m▄[48;5;59m[38;5;16m▄[48;5;59m[38;5;59m▄[48;5;59m[38;5;59m▄[48;5;59m[38;5;59m▄[48;5;59m[38;5;59m▄[48;5;59m[38;5;59m▄[48;5;59m[38;5;59m▄[48;5;59m[38;5;16m▄[48;5;59m[38;5;16m▄[48;5;59m[38;5;16m▄[0m [48;5;59m[38;5;16m▄[48;5;59m[38;5;59m▄[48;5;59m[38;5;59m▄[0m
[48;5;59m[38;5;59m▄[48;5;59m[38;5;59m▄[0m [0m [0m [0m [48;5;59m[38;5;59m▄[48;5;59m[38;5;59m▄[48;5;59m[38;5;59m▄[48;5;59m[38;5;16m▄[0m [0m [0m [0m [0m [0m [0m [0m [0m [0m [0m [0m [48;5;59m[38;5;16m▄[48;5;59m[38;5;59m▄[48;5;59m[38;5;59m▄[48;5;59m[38;5;59m▄[0m [0m [0m [0m [48;5;59m[38;5;59m▄[48;5;59m[38;5;59m▄[0m
[48;5;59m[38;5;59m▄[48;5;59m[38;5;59m▄[0m [0m [48;5;59m[38;5;59m▄[48;5;59m[38;5;59m▄[48;5;59m[38;5;16m▄[0m [0m [0m [0m [0m [0m [0m [0m [0m [0m [0m [0m [0m [0m [0m [0m [0m [48;5;59m[38;5;16m▄[48;5;59m[38;5;59m▄[48;5;59m[38;5;59m▄[48;5;59m[38;5;59m▄[0m [0m [48;5;59m[38;5;59m▄[48;5;59m[38;5;59m▄[0m
[48;5;59m[38;5;59m▄[48;5;59m[38;5;59m▄[48;5;59m[38;5;59m▄[48;5;59m[38;5;59m▄[48;5;59m[38;5;59m▄[48;5;59m[38;5;16m▄[0m [0m [0m [0m [0m [0m [0m [0m [0m [0m [0m [0m [0m [0m [0m [0m [0m [0m [0m [0m [48;5;59m[38;5;16m▄[48;5;59m[38;5;59m▄[48;5;59m[38;5;59m▄[48;5;59m[38;5;59m▄[48;5;59m[38;5;59m▄[48;5;59m[38;5;59m▄[0m
[48;5;59m[38;5;59m▄[48;5;59m[38;5;59m▄[48;5;59m[38;5;59m▄[48;5;59m[38;5;59m▄[48;5;59m[38;5;16m▄[0m [0m [0m [0m [0m [0m [0m [0m [0m [0m [0m [0m [0m [0m [0m [0m [0m [0m [0m [0m [0m [0m [48;5;59m[38;5;16m▄[48;5;59m[38;5;59m▄[48;5;59m[38;5;59m▄[48;5;59m[38;5;59m▄[48;5;59m[38;5;59m▄[0m
[0m [48;5;59m[38;5;59m▄[48;5;59m[38;5;59m▄[48;5;59m[38;5;16m▄[0m [0m [0m [0m [0m [0m [0m [0m [0m [0m [0m [0m [0m [0m [0m [0m [0m [0m [0m [0m [0m [0m [0m [0m [48;5;59m[38;5;16m▄[48;5;59m[38;5;59m▄[48;5;59m[38;5;59m▄[0m [0m
[48;5;59m[38;5;59m▄[48;5;59m[38;5;59m▄[48;5;59m[38;5;59m▄[0m [0m [0m [0m [0m [48;5;59m[38;5;59m▄[48;5;59m[38;5;59m▄[48;5;59m[38;5;59m▄[48;5;59m[38;5;59m▄[0m [0m [0m [0m [0m [0m [0m [0m [48;5;59m[38;5;59m▄[48;5;59m[38;5;59m▄[48;5;59m[38;5;59m▄[48;5;59m[38;5;59m▄[0m [0m [0m [0m [0m [48;5;59m[38;5;59m▄[48;5;59m[38;5;59m▄[48;5;59m[38;5;59m▄[0m
[48;5;59m[38;5;59m▄[48;5;59m[38;5;59m▄[48;5;59m[38;5;16m▄[0m [0m [0m [0m [0m [48;5;59m[38;5;16m▄[48;5;59m[38;5;16m▄[48;5;59m[38;5;16m▄[48;5;59m[38;5;16m▄[0m [0m [0m [0m [0m [0m [0m [0m [48;5;59m[38;5;16m▄[48;5;59m[38;5;16m▄[48;5;59m[38;5;16m▄[48;5;59m[38;5;16m▄[0m [0m [0m [0m [0m [48;5;59m[38;5;16m▄[48;5;59m[38;5;59m▄[48;5;59m[38;5;59m▄[0m
[48;5;59m[38;5;59m▄[48;5;59m[38;5;59m▄[0m [0m [0m [0m [0m [0m [0m [0m [0m [0m [0m [0m [0m [0m [0m [0m [0m [0m [0m [0m [0m [0m [0m [0m [0m [0m [0m [0m [48;5;59m[38;5;59m▄[48;5;59m[38;5;59m▄[0m
[48;5;59m[38;5;59m▄[48;5;59m[38;5;59m▄[0m [0m [0m [48;5;59m[38;5;16m▄[48;5;59m[38;5;16m▄[48;5;59m[38;5;16m▄[0m [0m [0m [48;5;59m[38;5;59m▄[0m [0m [0m [48;5;59m[38;5;59m▄[48;5;59m[38;5;59m▄[0m [0m [0m [48;5;59m[38;5;59m▄[0m [0m [0m [48;5;59m[38;5;16m▄[48;5;59m[38;5;16m▄[48;5;59m[38;5;16m▄[0m [0m [0m [48;5;59m[38;5;59m▄[48;5;59m[38;5;59m▄[0m
[48;5;59m[38;5;59m▄[48;5;59m[38;5;59m▄[48;5;59m[38;5;59m▄[0m [0m [0m [48;5;59m[38;5;59m▄[48;5;59m[38;5;59m▄[48;5;59m[38;5;16m▄[48;5;59m[38;5;16m▄[0m [48;5;59m[38;5;16m▄[48;5;59m[38;5;59m▄[48;5;59m[38;5;59m▄[48;5;59m[38;5;59m▄[48;5;59m[38;5;16m▄[48;5;59m[38;5;16m▄[48;5;59m[38;5;59m▄[48;5;59m[38;5;59m▄[48;5;59m[38;5;59m▄[48;5;59m[38;5;16m▄[0m [48;5;59m[38;5;16m▄[48;5;59m[38;5;59m▄[48;5;59m[38;5;59m▄[0m [0m [0m [0m [48;5;59m[38;5;59m▄[48;5;59m[38;5;59m▄[48;5;59m[38;5;59m▄[0m
[48;5;59m[38;5;16m▄[48;5;59m[38;5;59m▄[48;5;59m[38;5;59m▄[0m [0m [0m [0m [0m [0m [0m [0m [0m [0m [0m [0m [0m [0m [0m [0m [0m [0m [0m [0m [0m [0m [0m [0m [0m [48;5;59m[38;5;59m▄[48;5;59m[38;5;59m▄[48;5;59m[38;5;59m▄[0m [0m
[0m [48;5;59m[38;5;16m▄[48;5;59m[38;5;59m▄[48;5;59m[38;5;59m▄[48;5;59m[38;5;59m▄[48;5;59m[38;5;59m▄[0m [0m [0m [0m [0m [0m [0m [0m [0m [0m [0m [0m [0m [0m [0m [0m [0m [0m [0m [0m [48;5;59m[38;5;59m▄[48;5;59m[38;5;59m▄[48;5;59m[38;5;59m▄[48;5;59m[38;5;59m▄[48;5;16m[38;5;16m▄[0m [0m
[0m [0m [0m [48;5;59m[38;5;16m▄[48;5;59m[38;5;59m▄[48;5;59m[38;5;59m▄[48;5;59m[38;5;59m▄[48;5;59m[38;5;59m▄[48;5;59m[38;5;59m▄[0m [0m [0m [0m [0m [0m [0m [0m [0m [0m [0m [0m [0m [0m [48;5;59m[38;5;59m▄[48;5;59m[38;5;59m▄[48;5;59m[38;5;59m▄[48;5;59m[38;5;59m▄[48;5;59m[38;5;59m▄[48;5;59m[38;5;16m▄[0m [0m [0m [0m
[0m [0m [0m [0m [0m [0m [48;5;59m[38;5;16m▄[48;5;59m[38;5;16m▄[48;5;59m[38;5;16m▄[48;5;59m[38;5;59m▄[48;5;59m[38;5;59m▄[48;5;59m[38;5;59m▄[48;5;59m[38;5;59m▄[48;5;59m[38;5;59m▄[48;5;59m[38;5;59m▄[48;5;59m[38;5;59m▄[48;5;59m[38;5;59m▄[48;5;59m[38;5;59m▄[48;5;59m[38;5;59m▄[48;5;59m[38;5;59m▄[48;5;59m[38;5;59m▄[48;5;59m[38;5;59m▄[48;5;59m[38;5;59m▄[48;5;59m[38;5;16m▄[48;5;59m[38;5;16m▄[48;5;59m[38;5;16m▄[0m [0m [0m [0m [0m [0m [0m
2024-07-15 13:46 +08:00: 连接成功
