2024-07-15 13:12 +08:00: [
  [32m'article.js'[39m,
  [32m'category.js'[39m,
  [32m'index.js'[39m,
  [32m'label.js'[39m,
  [32m'login.js'[39m,
  [32m'user.js'[39m
] -----
2024-07-15 13:12 +08:00: [
  [32m'article.js'[39m,
  [32m'category.js'[39m,
  [32m'index.js'[39m,
  [32m'label.js'[39m,
  [32m'login.js'[39m,
  [32m'user.js'[39m
] -----
2024-07-15 13:12 +08:00: article.js 加载成功
2024-07-15 13:12 +08:00: category.js 加载成功
2024-07-15 13:12 +08:00: label.js 加载成功
2024-07-15 13:12 +08:00: login.js 加载成功
2024-07-15 13:12 +08:00: user.js 加载成功
2024-07-15 13:12 +08:00:  Line:17 🍇 /
2024-07-15 13:12 +08:00: server is running at port 3001
2024-07-15 13:12 +08:00: [0m [48;5;59m[38;5;59m▄[48;5;59m[38;5;59m▄[48;5;59m[38;5;59m▄[48;5;59m[38;5;59m▄[48;5;59m[38;5;59m▄[48;5;59m[38;5;59m▄[0m [0m [0m [0m [0m [0m [0m [0m [0m [0m [0m [0m [0m [0m [0m [0m [0m [0m [48;5;59m[38;5;59m▄[48;5;59m[38;5;59m▄[48;5;59m[38;5;59m▄[48;5;59m[38;5;59m▄[48;5;59m[38;5;59m▄[48;5;59m[38;5;59m▄[0m [0m
[48;5;59m[38;5;59m▄[48;5;59m[38;5;59m▄[48;5;59m[38;5;16m▄[0m [48;5;59m[38;5;16m▄[48;5;59m[38;5;16m▄[48;5;59m[38;5;16m▄[48;5;59m[38;5;59m▄[48;5;59m[38;5;59m▄[48;5;59m[38;5;59m▄[48;5;59m[38;5;59m▄[48;5;59m[38;5;59m▄[48;5;59m[38;5;59m▄[48;5;59m[38;5;16m▄[48;5;59m[38;5;16m▄[48;5;59m[38;5;16m▄[48;5;59m[38;5;16m▄[48;5;59m[38;5;16m▄[48;5;59m[38;5;16m▄[48;5;59m[38;5;59m▄[48;5;59m[38;5;59m▄[48;5;59m[38;5;59m▄[48;5;59m[38;5;59m▄[48;5;59m[38;5;59m▄[48;5;59m[38;5;59m▄[48;5;59m[38;5;16m▄[48;5;59m[38;5;16m▄[48;5;59m[38;5;16m▄[0m [48;5;59m[38;5;16m▄[48;5;59m[38;5;59m▄[48;5;59m[38;5;59m▄[0m
[48;5;59m[38;5;59m▄[48;5;59m[38;5;59m▄[0m [0m [0m [0m [48;5;59m[38;5;59m▄[48;5;59m[38;5;59m▄[48;5;59m[38;5;59m▄[48;5;59m[38;5;16m▄[0m [0m [0m [0m [0m [0m [0m [0m [0m [0m [0m [0m [48;5;59m[38;5;16m▄[48;5;59m[38;5;59m▄[48;5;59m[38;5;59m▄[48;5;59m[38;5;59m▄[0m [0m [0m [0m [48;5;59m[38;5;59m▄[48;5;59m[38;5;59m▄[0m
[48;5;59m[38;5;59m▄[48;5;59m[38;5;59m▄[0m [0m [48;5;59m[38;5;59m▄[48;5;59m[38;5;59m▄[48;5;59m[38;5;16m▄[0m [0m [0m [0m [0m [0m [0m [0m [0m [0m [0m [0m [0m [0m [0m [0m [0m [48;5;59m[38;5;16m▄[48;5;59m[38;5;59m▄[48;5;59m[38;5;59m▄[48;5;59m[38;5;59m▄[0m [0m [48;5;59m[38;5;59m▄[48;5;59m[38;5;59m▄[0m
[48;5;59m[38;5;59m▄[48;5;59m[38;5;59m▄[48;5;59m[38;5;59m▄[48;5;59m[38;5;59m▄[48;5;59m[38;5;59m▄[48;5;59m[38;5;16m▄[0m [0m [0m [0m [0m [0m [0m [0m [0m [0m [0m [0m [0m [0m [0m [0m [0m [0m [0m [0m [48;5;59m[38;5;16m▄[48;5;59m[38;5;59m▄[48;5;59m[38;5;59m▄[48;5;59m[38;5;59m▄[48;5;59m[38;5;59m▄[48;5;59m[38;5;59m▄[0m
[48;5;59m[38;5;59m▄[48;5;59m[38;5;59m▄[48;5;59m[38;5;59m▄[48;5;59m[38;5;59m▄[48;5;59m[38;5;16m▄[0m [0m [0m [0m [0m [0m [0m [0m [0m [0m [0m [0m [0m [0m [0m [0m [0m [0m [0m [0m [0m [0m [48;5;59m[38;5;16m▄[48;5;59m[38;5;59m▄[48;5;59m[38;5;59m▄[48;5;59m[38;5;59m▄[48;5;59m[38;5;59m▄[0m
[0m [48;5;59m[38;5;59m▄[48;5;59m[38;5;59m▄[48;5;59m[38;5;16m▄[0m [0m [0m [0m [0m [0m [0m [0m [0m [0m [0m [0m [0m [0m [0m [0m [0m [0m [0m [0m [0m [0m [0m [0m [48;5;59m[38;5;16m▄[48;5;59m[38;5;59m▄[48;5;59m[38;5;59m▄[0m [0m
[48;5;59m[38;5;59m▄[48;5;59m[38;5;59m▄[48;5;59m[38;5;59m▄[0m [0m [0m [0m [0m [48;5;59m[38;5;59m▄[48;5;59m[38;5;59m▄[48;5;59m[38;5;59m▄[48;5;59m[38;5;59m▄[0m [0m [0m [0m [0m [0m [0m [0m [48;5;59m[38;5;59m▄[48;5;59m[38;5;59m▄[48;5;59m[38;5;59m▄[48;5;59m[38;5;59m▄[0m [0m [0m [0m [0m [48;5;59m[38;5;59m▄[48;5;59m[38;5;59m▄[48;5;59m[38;5;59m▄[0m
[48;5;59m[38;5;59m▄[48;5;59m[38;5;59m▄[48;5;59m[38;5;16m▄[0m [0m [0m [0m [0m [48;5;59m[38;5;16m▄[48;5;59m[38;5;16m▄[48;5;59m[38;5;16m▄[48;5;59m[38;5;16m▄[0m [0m [0m [0m [0m [0m [0m [0m [48;5;59m[38;5;16m▄[48;5;59m[38;5;16m▄[48;5;59m[38;5;16m▄[48;5;59m[38;5;16m▄[0m [0m [0m [0m [0m [48;5;59m[38;5;16m▄[48;5;59m[38;5;59m▄[48;5;59m[38;5;59m▄[0m
[48;5;59m[38;5;59m▄[48;5;59m[38;5;59m▄[0m [0m [0m [0m [0m [0m [0m [0m [0m [0m [0m [0m [0m [0m [0m [0m [0m [0m [0m [0m [0m [0m [0m [0m [0m [0m [0m [0m [48;5;59m[38;5;59m▄[48;5;59m[38;5;59m▄[0m
[48;5;59m[38;5;59m▄[48;5;59m[38;5;59m▄[0m [0m [0m [48;5;59m[38;5;16m▄[48;5;59m[38;5;16m▄[48;5;59m[38;5;16m▄[0m [0m [0m [48;5;59m[38;5;59m▄[0m [0m [0m [48;5;59m[38;5;59m▄[48;5;59m[38;5;59m▄[0m [0m [0m [48;5;59m[38;5;59m▄[0m [0m [0m [48;5;59m[38;5;16m▄[48;5;59m[38;5;16m▄[48;5;59m[38;5;16m▄[0m [0m [0m [48;5;59m[38;5;59m▄[48;5;59m[38;5;59m▄[0m
[48;5;59m[38;5;59m▄[48;5;59m[38;5;59m▄[48;5;59m[38;5;59m▄[0m [0m [0m [48;5;59m[38;5;59m▄[48;5;59m[38;5;59m▄[48;5;59m[38;5;16m▄[48;5;59m[38;5;16m▄[0m [48;5;59m[38;5;16m▄[48;5;59m[38;5;59m▄[48;5;59m[38;5;59m▄[48;5;59m[38;5;59m▄[48;5;59m[38;5;16m▄[48;5;59m[38;5;16m▄[48;5;59m[38;5;59m▄[48;5;59m[38;5;59m▄[48;5;59m[38;5;59m▄[48;5;59m[38;5;16m▄[0m [48;5;59m[38;5;16m▄[48;5;59m[38;5;59m▄[48;5;59m[38;5;59m▄[0m [0m [0m [0m [48;5;59m[38;5;59m▄[48;5;59m[38;5;59m▄[48;5;59m[38;5;59m▄[0m
[48;5;59m[38;5;16m▄[48;5;59m[38;5;59m▄[48;5;59m[38;5;59m▄[0m [0m [0m [0m [0m [0m [0m [0m [0m [0m [0m [0m [0m [0m [0m [0m [0m [0m [0m [0m [0m [0m [0m [0m [0m [48;5;59m[38;5;59m▄[48;5;59m[38;5;59m▄[48;5;59m[38;5;59m▄[0m [0m
[0m [48;5;59m[38;5;16m▄[48;5;59m[38;5;59m▄[48;5;59m[38;5;59m▄[48;5;59m[38;5;59m▄[48;5;59m[38;5;59m▄[0m [0m [0m [0m [0m [0m [0m [0m [0m [0m [0m [0m [0m [0m [0m [0m [0m [0m [0m [0m [48;5;59m[38;5;59m▄[48;5;59m[38;5;59m▄[48;5;59m[38;5;59m▄[48;5;59m[38;5;59m▄[48;5;16m[38;5;16m▄[0m [0m
[0m [0m [0m [48;5;59m[38;5;16m▄[48;5;59m[38;5;59m▄[48;5;59m[38;5;59m▄[48;5;59m[38;5;59m▄[48;5;59m[38;5;59m▄[48;5;59m[38;5;59m▄[0m [0m [0m [0m [0m [0m [0m [0m [0m [0m [0m [0m [0m [0m [48;5;59m[38;5;59m▄[48;5;59m[38;5;59m▄[48;5;59m[38;5;59m▄[48;5;59m[38;5;59m▄[48;5;59m[38;5;59m▄[48;5;59m[38;5;16m▄[0m [0m [0m [0m
[0m [0m [0m [0m [0m [0m [48;5;59m[38;5;16m▄[48;5;59m[38;5;16m▄[48;5;59m[38;5;16m▄[48;5;59m[38;5;59m▄[48;5;59m[38;5;59m▄[48;5;59m[38;5;59m▄[48;5;59m[38;5;59m▄[48;5;59m[38;5;59m▄[48;5;59m[38;5;59m▄[48;5;59m[38;5;59m▄[48;5;59m[38;5;59m▄[48;5;59m[38;5;59m▄[48;5;59m[38;5;59m▄[48;5;59m[38;5;59m▄[48;5;59m[38;5;59m▄[48;5;59m[38;5;59m▄[48;5;59m[38;5;59m▄[48;5;59m[38;5;16m▄[48;5;59m[38;5;16m▄[48;5;59m[38;5;16m▄[0m [0m [0m [0m [0m [0m [0m
2024-07-15 13:12 +08:00: 连接成功
2024-07-15 13:12 +08:00: [
  [32m'article.js'[39m,
  [32m'category.js'[39m,
  [32m'index.js'[39m,
  [32m'label.js'[39m,
  [32m'login.js'[39m,
  [32m'user.js'[39m
] -----
2024-07-15 13:12 +08:00: article.js 加载成功
2024-07-15 13:12 +08:00: category.js 加载成功
2024-07-15 13:12 +08:00: label.js 加载成功
2024-07-15 13:12 +08:00: login.js 加载成功
2024-07-15 13:12 +08:00: user.js 加载成功
2024-07-15 13:12 +08:00:  Line:17 🍇 /
2024-07-15 13:12 +08:00: server is running at port 3001
2024-07-15 13:12 +08:00: [0m [48;5;59m[38;5;59m▄[48;5;59m[38;5;59m▄[48;5;59m[38;5;59m▄[48;5;59m[38;5;59m▄[48;5;59m[38;5;59m▄[48;5;59m[38;5;59m▄[0m [0m [0m [0m [0m [0m [0m [0m [0m [0m [0m [0m [0m [0m [0m [0m [0m [0m [48;5;59m[38;5;59m▄[48;5;59m[38;5;59m▄[48;5;59m[38;5;59m▄[48;5;59m[38;5;59m▄[48;5;59m[38;5;59m▄[48;5;59m[38;5;59m▄[0m [0m
[48;5;59m[38;5;59m▄[48;5;59m[38;5;59m▄[48;5;59m[38;5;16m▄[0m [48;5;59m[38;5;16m▄[48;5;59m[38;5;16m▄[48;5;59m[38;5;16m▄[48;5;59m[38;5;59m▄[48;5;59m[38;5;59m▄[48;5;59m[38;5;59m▄[48;5;59m[38;5;59m▄[48;5;59m[38;5;59m▄[48;5;59m[38;5;59m▄[48;5;59m[38;5;16m▄[48;5;59m[38;5;16m▄[48;5;59m[38;5;16m▄[48;5;59m[38;5;16m▄[48;5;59m[38;5;16m▄[48;5;59m[38;5;16m▄[48;5;59m[38;5;59m▄[48;5;59m[38;5;59m▄[48;5;59m[38;5;59m▄[48;5;59m[38;5;59m▄[48;5;59m[38;5;59m▄[48;5;59m[38;5;59m▄[48;5;59m[38;5;16m▄[48;5;59m[38;5;16m▄[48;5;59m[38;5;16m▄[0m [48;5;59m[38;5;16m▄[48;5;59m[38;5;59m▄[48;5;59m[38;5;59m▄[0m
[48;5;59m[38;5;59m▄[48;5;59m[38;5;59m▄[0m [0m [0m [0m [48;5;59m[38;5;59m▄[48;5;59m[38;5;59m▄[48;5;59m[38;5;59m▄[48;5;59m[38;5;16m▄[0m [0m [0m [0m [0m [0m [0m [0m [0m [0m [0m [0m [48;5;59m[38;5;16m▄[48;5;59m[38;5;59m▄[48;5;59m[38;5;59m▄[48;5;59m[38;5;59m▄[0m [0m [0m [0m [48;5;59m[38;5;59m▄[48;5;59m[38;5;59m▄[0m
[48;5;59m[38;5;59m▄[48;5;59m[38;5;59m▄[0m [0m [48;5;59m[38;5;59m▄[48;5;59m[38;5;59m▄[48;5;59m[38;5;16m▄[0m [0m [0m [0m [0m [0m [0m [0m [0m [0m [0m [0m [0m [0m [0m [0m [0m [48;5;59m[38;5;16m▄[48;5;59m[38;5;59m▄[48;5;59m[38;5;59m▄[48;5;59m[38;5;59m▄[0m [0m [48;5;59m[38;5;59m▄[48;5;59m[38;5;59m▄[0m
[48;5;59m[38;5;59m▄[48;5;59m[38;5;59m▄[48;5;59m[38;5;59m▄[48;5;59m[38;5;59m▄[48;5;59m[38;5;59m▄[48;5;59m[38;5;16m▄[0m [0m [0m [0m [0m [0m [0m [0m [0m [0m [0m [0m [0m [0m [0m [0m [0m [0m [0m [0m [48;5;59m[38;5;16m▄[48;5;59m[38;5;59m▄[48;5;59m[38;5;59m▄[48;5;59m[38;5;59m▄[48;5;59m[38;5;59m▄[48;5;59m[38;5;59m▄[0m
[48;5;59m[38;5;59m▄[48;5;59m[38;5;59m▄[48;5;59m[38;5;59m▄[48;5;59m[38;5;59m▄[48;5;59m[38;5;16m▄[0m [0m [0m [0m [0m [0m [0m [0m [0m [0m [0m [0m [0m [0m [0m [0m [0m [0m [0m [0m [0m [0m [48;5;59m[38;5;16m▄[48;5;59m[38;5;59m▄[48;5;59m[38;5;59m▄[48;5;59m[38;5;59m▄[48;5;59m[38;5;59m▄[0m
[0m [48;5;59m[38;5;59m▄[48;5;59m[38;5;59m▄[48;5;59m[38;5;16m▄[0m [0m [0m [0m [0m [0m [0m [0m [0m [0m [0m [0m [0m [0m [0m [0m [0m [0m [0m [0m [0m [0m [0m [0m [48;5;59m[38;5;16m▄[48;5;59m[38;5;59m▄[48;5;59m[38;5;59m▄[0m [0m
[48;5;59m[38;5;59m▄[48;5;59m[38;5;59m▄[48;5;59m[38;5;59m▄[0m [0m [0m [0m [0m [48;5;59m[38;5;59m▄[48;5;59m[38;5;59m▄[48;5;59m[38;5;59m▄[48;5;59m[38;5;59m▄[0m [0m [0m [0m [0m [0m [0m [0m [48;5;59m[38;5;59m▄[48;5;59m[38;5;59m▄[48;5;59m[38;5;59m▄[48;5;59m[38;5;59m▄[0m [0m [0m [0m [0m [48;5;59m[38;5;59m▄[48;5;59m[38;5;59m▄[48;5;59m[38;5;59m▄[0m
[48;5;59m[38;5;59m▄[48;5;59m[38;5;59m▄[48;5;59m[38;5;16m▄[0m [0m [0m [0m [0m [48;5;59m[38;5;16m▄[48;5;59m[38;5;16m▄[48;5;59m[38;5;16m▄[48;5;59m[38;5;16m▄[0m [0m [0m [0m [0m [0m [0m [0m [48;5;59m[38;5;16m▄[48;5;59m[38;5;16m▄[48;5;59m[38;5;16m▄[48;5;59m[38;5;16m▄[0m [0m [0m [0m [0m [48;5;59m[38;5;16m▄[48;5;59m[38;5;59m▄[48;5;59m[38;5;59m▄[0m
[48;5;59m[38;5;59m▄[48;5;59m[38;5;59m▄[0m [0m [0m [0m [0m [0m [0m [0m [0m [0m [0m [0m [0m [0m [0m [0m [0m [0m [0m [0m [0m [0m [0m [0m [0m [0m [0m [0m [48;5;59m[38;5;59m▄[48;5;59m[38;5;59m▄[0m
[48;5;59m[38;5;59m▄[48;5;59m[38;5;59m▄[0m [0m [0m [48;5;59m[38;5;16m▄[48;5;59m[38;5;16m▄[48;5;59m[38;5;16m▄[0m [0m [0m [48;5;59m[38;5;59m▄[0m [0m [0m [48;5;59m[38;5;59m▄[48;5;59m[38;5;59m▄[0m [0m [0m [48;5;59m[38;5;59m▄[0m [0m [0m [48;5;59m[38;5;16m▄[48;5;59m[38;5;16m▄[48;5;59m[38;5;16m▄[0m [0m [0m [48;5;59m[38;5;59m▄[48;5;59m[38;5;59m▄[0m
[48;5;59m[38;5;59m▄[48;5;59m[38;5;59m▄[48;5;59m[38;5;59m▄[0m [0m [0m [48;5;59m[38;5;59m▄[48;5;59m[38;5;59m▄[48;5;59m[38;5;16m▄[48;5;59m[38;5;16m▄[0m [48;5;59m[38;5;16m▄[48;5;59m[38;5;59m▄[48;5;59m[38;5;59m▄[48;5;59m[38;5;59m▄[48;5;59m[38;5;16m▄[48;5;59m[38;5;16m▄[48;5;59m[38;5;59m▄[48;5;59m[38;5;59m▄[48;5;59m[38;5;59m▄[48;5;59m[38;5;16m▄[0m [48;5;59m[38;5;16m▄[48;5;59m[38;5;59m▄[48;5;59m[38;5;59m▄[0m [0m [0m [0m [48;5;59m[38;5;59m▄[48;5;59m[38;5;59m▄[48;5;59m[38;5;59m▄[0m
[48;5;59m[38;5;16m▄[48;5;59m[38;5;59m▄[48;5;59m[38;5;59m▄[0m [0m [0m [0m [0m [0m [0m [0m [0m [0m [0m [0m [0m [0m [0m [0m [0m [0m [0m [0m [0m [0m [0m [0m [0m [48;5;59m[38;5;59m▄[48;5;59m[38;5;59m▄[48;5;59m[38;5;59m▄[0m [0m
[0m [48;5;59m[38;5;16m▄[48;5;59m[38;5;59m▄[48;5;59m[38;5;59m▄[48;5;59m[38;5;59m▄[48;5;59m[38;5;59m▄[0m [0m [0m [0m [0m [0m [0m [0m [0m [0m [0m [0m [0m [0m [0m [0m [0m [0m [0m [0m [48;5;59m[38;5;59m▄[48;5;59m[38;5;59m▄[48;5;59m[38;5;59m▄[48;5;59m[38;5;59m▄[48;5;16m[38;5;16m▄[0m [0m
[0m [0m [0m [48;5;59m[38;5;16m▄[48;5;59m[38;5;59m▄[48;5;59m[38;5;59m▄[48;5;59m[38;5;59m▄[48;5;59m[38;5;59m▄[48;5;59m[38;5;59m▄[0m [0m [0m [0m [0m [0m [0m [0m [0m [0m [0m [0m [0m [0m [48;5;59m[38;5;59m▄[48;5;59m[38;5;59m▄[48;5;59m[38;5;59m▄[48;5;59m[38;5;59m▄[48;5;59m[38;5;59m▄[48;5;59m[38;5;16m▄[0m [0m [0m [0m
[0m [0m [0m [0m [0m [0m [48;5;59m[38;5;16m▄[48;5;59m[38;5;16m▄[48;5;59m[38;5;16m▄[48;5;59m[38;5;59m▄[48;5;59m[38;5;59m▄[48;5;59m[38;5;59m▄[48;5;59m[38;5;59m▄[48;5;59m[38;5;59m▄[48;5;59m[38;5;59m▄[48;5;59m[38;5;59m▄[48;5;59m[38;5;59m▄[48;5;59m[38;5;59m▄[48;5;59m[38;5;59m▄[48;5;59m[38;5;59m▄[48;5;59m[38;5;59m▄[48;5;59m[38;5;59m▄[48;5;59m[38;5;59m▄[48;5;59m[38;5;16m▄[48;5;59m[38;5;16m▄[48;5;59m[38;5;16m▄[0m [0m [0m [0m [0m [0m [0m
2024-07-15 13:12 +08:00: 连接成功
2024-07-15 13:46 +08:00: [
  [32m'article.js'[39m,
  [32m'category.js'[39m,
  [32m'index.js'[39m,
  [32m'label.js'[39m,
  [32m'login.js'[39m,
  [32m'user.js'[39m
] -----
2024-07-15 13:46 +08:00: article.js 加载成功
2024-07-15 13:46 +08:00: category.js 加载成功
2024-07-15 13:46 +08:00: label.js 加载成功
2024-07-15 13:46 +08:00: login.js 加载成功
2024-07-15 13:46 +08:00: user.js 加载成功
2024-07-15 13:46 +08:00:  Line:17 🍇 /
2024-07-15 13:46 +08:00: server is running at port 3001
2024-07-15 13:46 +08:00: [0m [48;5;59m[38;5;59m▄[48;5;59m[38;5;59m▄[48;5;59m[38;5;59m▄[48;5;59m[38;5;59m▄[48;5;59m[38;5;59m▄[48;5;59m[38;5;59m▄[0m [0m [0m [0m [0m [0m [0m [0m [0m [0m [0m [0m [0m [0m [0m [0m [0m [0m [48;5;59m[38;5;59m▄[48;5;59m[38;5;59m▄[48;5;59m[38;5;59m▄[48;5;59m[38;5;59m▄[48;5;59m[38;5;59m▄[48;5;59m[38;5;59m▄[0m [0m
[48;5;59m[38;5;59m▄[48;5;59m[38;5;59m▄[48;5;59m[38;5;16m▄[0m [48;5;59m[38;5;16m▄[48;5;59m[38;5;16m▄[48;5;59m[38;5;16m▄[48;5;59m[38;5;59m▄[48;5;59m[38;5;59m▄[48;5;59m[38;5;59m▄[48;5;59m[38;5;59m▄[48;5;59m[38;5;59m▄[48;5;59m[38;5;59m▄[48;5;59m[38;5;16m▄[48;5;59m[38;5;16m▄[48;5;59m[38;5;16m▄[48;5;59m[38;5;16m▄[48;5;59m[38;5;16m▄[48;5;59m[38;5;16m▄[48;5;59m[38;5;59m▄[48;5;59m[38;5;59m▄[48;5;59m[38;5;59m▄[48;5;59m[38;5;59m▄[48;5;59m[38;5;59m▄[48;5;59m[38;5;59m▄[48;5;59m[38;5;16m▄[48;5;59m[38;5;16m▄[48;5;59m[38;5;16m▄[0m [48;5;59m[38;5;16m▄[48;5;59m[38;5;59m▄[48;5;59m[38;5;59m▄[0m
[48;5;59m[38;5;59m▄[48;5;59m[38;5;59m▄[0m [0m [0m [0m [48;5;59m[38;5;59m▄[48;5;59m[38;5;59m▄[48;5;59m[38;5;59m▄[48;5;59m[38;5;16m▄[0m [0m [0m [0m [0m [0m [0m [0m [0m [0m [0m [0m [48;5;59m[38;5;16m▄[48;5;59m[38;5;59m▄[48;5;59m[38;5;59m▄[48;5;59m[38;5;59m▄[0m [0m [0m [0m [48;5;59m[38;5;59m▄[48;5;59m[38;5;59m▄[0m
[48;5;59m[38;5;59m▄[48;5;59m[38;5;59m▄[0m [0m [48;5;59m[38;5;59m▄[48;5;59m[38;5;59m▄[48;5;59m[38;5;16m▄[0m [0m [0m [0m [0m [0m [0m [0m [0m [0m [0m [0m [0m [0m [0m [0m [0m [48;5;59m[38;5;16m▄[48;5;59m[38;5;59m▄[48;5;59m[38;5;59m▄[48;5;59m[38;5;59m▄[0m [0m [48;5;59m[38;5;59m▄[48;5;59m[38;5;59m▄[0m
[48;5;59m[38;5;59m▄[48;5;59m[38;5;59m▄[48;5;59m[38;5;59m▄[48;5;59m[38;5;59m▄[48;5;59m[38;5;59m▄[48;5;59m[38;5;16m▄[0m [0m [0m [0m [0m [0m [0m [0m [0m [0m [0m [0m [0m [0m [0m [0m [0m [0m [0m [0m [48;5;59m[38;5;16m▄[48;5;59m[38;5;59m▄[48;5;59m[38;5;59m▄[48;5;59m[38;5;59m▄[48;5;59m[38;5;59m▄[48;5;59m[38;5;59m▄[0m
[48;5;59m[38;5;59m▄[48;5;59m[38;5;59m▄[48;5;59m[38;5;59m▄[48;5;59m[38;5;59m▄[48;5;59m[38;5;16m▄[0m [0m [0m [0m [0m [0m [0m [0m [0m [0m [0m [0m [0m [0m [0m [0m [0m [0m [0m [0m [0m [0m [48;5;59m[38;5;16m▄[48;5;59m[38;5;59m▄[48;5;59m[38;5;59m▄[48;5;59m[38;5;59m▄[48;5;59m[38;5;59m▄[0m
[0m [48;5;59m[38;5;59m▄[48;5;59m[38;5;59m▄[48;5;59m[38;5;16m▄[0m [0m [0m [0m [0m [0m [0m [0m [0m [0m [0m [0m [0m [0m [0m [0m [0m [0m [0m [0m [0m [0m [0m [0m [48;5;59m[38;5;16m▄[48;5;59m[38;5;59m▄[48;5;59m[38;5;59m▄[0m [0m
[48;5;59m[38;5;59m▄[48;5;59m[38;5;59m▄[48;5;59m[38;5;59m▄[0m [0m [0m [0m [0m [48;5;59m[38;5;59m▄[48;5;59m[38;5;59m▄[48;5;59m[38;5;59m▄[48;5;59m[38;5;59m▄[0m [0m [0m [0m [0m [0m [0m [0m [48;5;59m[38;5;59m▄[48;5;59m[38;5;59m▄[48;5;59m[38;5;59m▄[48;5;59m[38;5;59m▄[0m [0m [0m [0m [0m [48;5;59m[38;5;59m▄[48;5;59m[38;5;59m▄[48;5;59m[38;5;59m▄[0m
[48;5;59m[38;5;59m▄[48;5;59m[38;5;59m▄[48;5;59m[38;5;16m▄[0m [0m [0m [0m [0m [48;5;59m[38;5;16m▄[48;5;59m[38;5;16m▄[48;5;59m[38;5;16m▄[48;5;59m[38;5;16m▄[0m [0m [0m [0m [0m [0m [0m [0m [48;5;59m[38;5;16m▄[48;5;59m[38;5;16m▄[48;5;59m[38;5;16m▄[48;5;59m[38;5;16m▄[0m [0m [0m [0m [0m [48;5;59m[38;5;16m▄[48;5;59m[38;5;59m▄[48;5;59m[38;5;59m▄[0m
[48;5;59m[38;5;59m▄[48;5;59m[38;5;59m▄[0m [0m [0m [0m [0m [0m [0m [0m [0m [0m [0m [0m [0m [0m [0m [0m [0m [0m [0m [0m [0m [0m [0m [0m [0m [0m [0m [0m [48;5;59m[38;5;59m▄[48;5;59m[38;5;59m▄[0m
[48;5;59m[38;5;59m▄[48;5;59m[38;5;59m▄[0m [0m [0m [48;5;59m[38;5;16m▄[48;5;59m[38;5;16m▄[48;5;59m[38;5;16m▄[0m [0m [0m [48;5;59m[38;5;59m▄[0m [0m [0m [48;5;59m[38;5;59m▄[48;5;59m[38;5;59m▄[0m [0m [0m [48;5;59m[38;5;59m▄[0m [0m [0m [48;5;59m[38;5;16m▄[48;5;59m[38;5;16m▄[48;5;59m[38;5;16m▄[0m [0m [0m [48;5;59m[38;5;59m▄[48;5;59m[38;5;59m▄[0m
[48;5;59m[38;5;59m▄[48;5;59m[38;5;59m▄[48;5;59m[38;5;59m▄[0m [0m [0m [48;5;59m[38;5;59m▄[48;5;59m[38;5;59m▄[48;5;59m[38;5;16m▄[48;5;59m[38;5;16m▄[0m [48;5;59m[38;5;16m▄[48;5;59m[38;5;59m▄[48;5;59m[38;5;59m▄[48;5;59m[38;5;59m▄[48;5;59m[38;5;16m▄[48;5;59m[38;5;16m▄[48;5;59m[38;5;59m▄[48;5;59m[38;5;59m▄[48;5;59m[38;5;59m▄[48;5;59m[38;5;16m▄[0m [48;5;59m[38;5;16m▄[48;5;59m[38;5;59m▄[48;5;59m[38;5;59m▄[0m [0m [0m [0m [48;5;59m[38;5;59m▄[48;5;59m[38;5;59m▄[48;5;59m[38;5;59m▄[0m
[48;5;59m[38;5;16m▄[48;5;59m[38;5;59m▄[48;5;59m[38;5;59m▄[0m [0m [0m [0m [0m [0m [0m [0m [0m [0m [0m [0m [0m [0m [0m [0m [0m [0m [0m [0m [0m [0m [0m [0m [0m [48;5;59m[38;5;59m▄[48;5;59m[38;5;59m▄[48;5;59m[38;5;59m▄[0m [0m
[0m [48;5;59m[38;5;16m▄[48;5;59m[38;5;59m▄[48;5;59m[38;5;59m▄[48;5;59m[38;5;59m▄[48;5;59m[38;5;59m▄[0m [0m [0m [0m [0m [0m [0m [0m [0m [0m [0m [0m [0m [0m [0m [0m [0m [0m [0m [0m [48;5;59m[38;5;59m▄[48;5;59m[38;5;59m▄[48;5;59m[38;5;59m▄[48;5;59m[38;5;59m▄[48;5;16m[38;5;16m▄[0m [0m
[0m [0m [0m [48;5;59m[38;5;16m▄[48;5;59m[38;5;59m▄[48;5;59m[38;5;59m▄[48;5;59m[38;5;59m▄[48;5;59m[38;5;59m▄[48;5;59m[38;5;59m▄[0m [0m [0m [0m [0m [0m [0m [0m [0m [0m [0m [0m [0m [0m [48;5;59m[38;5;59m▄[48;5;59m[38;5;59m▄[48;5;59m[38;5;59m▄[48;5;59m[38;5;59m▄[48;5;59m[38;5;59m▄[48;5;59m[38;5;16m▄[0m [0m [0m [0m
[0m [0m [0m [0m [0m [0m [48;5;59m[38;5;16m▄[48;5;59m[38;5;16m▄[48;5;59m[38;5;16m▄[48;5;59m[38;5;59m▄[48;5;59m[38;5;59m▄[48;5;59m[38;5;59m▄[48;5;59m[38;5;59m▄[48;5;59m[38;5;59m▄[48;5;59m[38;5;59m▄[48;5;59m[38;5;59m▄[48;5;59m[38;5;59m▄[48;5;59m[38;5;59m▄[48;5;59m[38;5;59m▄[48;5;59m[38;5;59m▄[48;5;59m[38;5;59m▄[48;5;59m[38;5;59m▄[48;5;59m[38;5;59m▄[48;5;59m[38;5;16m▄[48;5;59m[38;5;16m▄[48;5;59m[38;5;16m▄[0m [0m [0m [0m [0m [0m [0m
2024-07-15 13:46 +08:00: 连接成功
2024-07-15 13:55 +08:00: [
  [32m'article.js'[39m,
  [32m'category.js'[39m,
  [32m'index.js'[39m,
  [32m'label.js'[39m,
  [32m'login.js'[39m,
  [32m'user.js'[39m
] -----
2024-07-15 13:55 +08:00: article.js 加载成功
2024-07-15 13:55 +08:00: category.js 加载成功
2024-07-15 13:55 +08:00: label.js 加载成功
2024-07-15 13:55 +08:00: login.js 加载成功
2024-07-15 13:55 +08:00: user.js 加载成功
2024-07-15 13:55 +08:00:  Line:17 🍇 /
2024-07-15 13:55 +08:00: server is running at port 3001
2024-07-15 13:55 +08:00: [0m [48;5;59m[38;5;59m▄[48;5;59m[38;5;59m▄[48;5;59m[38;5;59m▄[48;5;59m[38;5;59m▄[48;5;59m[38;5;59m▄[48;5;59m[38;5;59m▄[0m [0m [0m [0m [0m [0m [0m [0m [0m [0m [0m [0m [0m [0m [0m [0m [0m [0m [48;5;59m[38;5;59m▄[48;5;59m[38;5;59m▄[48;5;59m[38;5;59m▄[48;5;59m[38;5;59m▄[48;5;59m[38;5;59m▄[48;5;59m[38;5;59m▄[0m [0m
[48;5;59m[38;5;59m▄[48;5;59m[38;5;59m▄[48;5;59m[38;5;16m▄[0m [48;5;59m[38;5;16m▄[48;5;59m[38;5;16m▄[48;5;59m[38;5;16m▄[48;5;59m[38;5;59m▄[48;5;59m[38;5;59m▄[48;5;59m[38;5;59m▄[48;5;59m[38;5;59m▄[48;5;59m[38;5;59m▄[48;5;59m[38;5;59m▄[48;5;59m[38;5;16m▄[48;5;59m[38;5;16m▄[48;5;59m[38;5;16m▄[48;5;59m[38;5;16m▄[48;5;59m[38;5;16m▄[48;5;59m[38;5;16m▄[48;5;59m[38;5;59m▄[48;5;59m[38;5;59m▄[48;5;59m[38;5;59m▄[48;5;59m[38;5;59m▄[48;5;59m[38;5;59m▄[48;5;59m[38;5;59m▄[48;5;59m[38;5;16m▄[48;5;59m[38;5;16m▄[48;5;59m[38;5;16m▄[0m [48;5;59m[38;5;16m▄[48;5;59m[38;5;59m▄[48;5;59m[38;5;59m▄[0m
[48;5;59m[38;5;59m▄[48;5;59m[38;5;59m▄[0m [0m [0m [0m [48;5;59m[38;5;59m▄[48;5;59m[38;5;59m▄[48;5;59m[38;5;59m▄[48;5;59m[38;5;16m▄[0m [0m [0m [0m [0m [0m [0m [0m [0m [0m [0m [0m [48;5;59m[38;5;16m▄[48;5;59m[38;5;59m▄[48;5;59m[38;5;59m▄[48;5;59m[38;5;59m▄[0m [0m [0m [0m [48;5;59m[38;5;59m▄[48;5;59m[38;5;59m▄[0m
[48;5;59m[38;5;59m▄[48;5;59m[38;5;59m▄[0m [0m [48;5;59m[38;5;59m▄[48;5;59m[38;5;59m▄[48;5;59m[38;5;16m▄[0m [0m [0m [0m [0m [0m [0m [0m [0m [0m [0m [0m [0m [0m [0m [0m [0m [48;5;59m[38;5;16m▄[48;5;59m[38;5;59m▄[48;5;59m[38;5;59m▄[48;5;59m[38;5;59m▄[0m [0m [48;5;59m[38;5;59m▄[48;5;59m[38;5;59m▄[0m
[48;5;59m[38;5;59m▄[48;5;59m[38;5;59m▄[48;5;59m[38;5;59m▄[48;5;59m[38;5;59m▄[48;5;59m[38;5;59m▄[48;5;59m[38;5;16m▄[0m [0m [0m [0m [0m [0m [0m [0m [0m [0m [0m [0m [0m [0m [0m [0m [0m [0m [0m [0m [48;5;59m[38;5;16m▄[48;5;59m[38;5;59m▄[48;5;59m[38;5;59m▄[48;5;59m[38;5;59m▄[48;5;59m[38;5;59m▄[48;5;59m[38;5;59m▄[0m
[48;5;59m[38;5;59m▄[48;5;59m[38;5;59m▄[48;5;59m[38;5;59m▄[48;5;59m[38;5;59m▄[48;5;59m[38;5;16m▄[0m [0m [0m [0m [0m [0m [0m [0m [0m [0m [0m [0m [0m [0m [0m [0m [0m [0m [0m [0m [0m [0m [48;5;59m[38;5;16m▄[48;5;59m[38;5;59m▄[48;5;59m[38;5;59m▄[48;5;59m[38;5;59m▄[48;5;59m[38;5;59m▄[0m
[0m [48;5;59m[38;5;59m▄[48;5;59m[38;5;59m▄[48;5;59m[38;5;16m▄[0m [0m [0m [0m [0m [0m [0m [0m [0m [0m [0m [0m [0m [0m [0m [0m [0m [0m [0m [0m [0m [0m [0m [0m [48;5;59m[38;5;16m▄[48;5;59m[38;5;59m▄[48;5;59m[38;5;59m▄[0m [0m
[48;5;59m[38;5;59m▄[48;5;59m[38;5;59m▄[48;5;59m[38;5;59m▄[0m [0m [0m [0m [0m [48;5;59m[38;5;59m▄[48;5;59m[38;5;59m▄[48;5;59m[38;5;59m▄[48;5;59m[38;5;59m▄[0m [0m [0m [0m [0m [0m [0m [0m [48;5;59m[38;5;59m▄[48;5;59m[38;5;59m▄[48;5;59m[38;5;59m▄[48;5;59m[38;5;59m▄[0m [0m [0m [0m [0m [48;5;59m[38;5;59m▄[48;5;59m[38;5;59m▄[48;5;59m[38;5;59m▄[0m
[48;5;59m[38;5;59m▄[48;5;59m[38;5;59m▄[48;5;59m[38;5;16m▄[0m [0m [0m [0m [0m [48;5;59m[38;5;16m▄[48;5;59m[38;5;16m▄[48;5;59m[38;5;16m▄[48;5;59m[38;5;16m▄[0m [0m [0m [0m [0m [0m [0m [0m [48;5;59m[38;5;16m▄[48;5;59m[38;5;16m▄[48;5;59m[38;5;16m▄[48;5;59m[38;5;16m▄[0m [0m [0m [0m [0m [48;5;59m[38;5;16m▄[48;5;59m[38;5;59m▄[48;5;59m[38;5;59m▄[0m
[48;5;59m[38;5;59m▄[48;5;59m[38;5;59m▄[0m [0m [0m [0m [0m [0m [0m [0m [0m [0m [0m [0m [0m [0m [0m [0m [0m [0m [0m [0m [0m [0m [0m [0m [0m [0m [0m [0m [48;5;59m[38;5;59m▄[48;5;59m[38;5;59m▄[0m
[48;5;59m[38;5;59m▄[48;5;59m[38;5;59m▄[0m [0m [0m [48;5;59m[38;5;16m▄[48;5;59m[38;5;16m▄[48;5;59m[38;5;16m▄[0m [0m [0m [48;5;59m[38;5;59m▄[0m [0m [0m [48;5;59m[38;5;59m▄[48;5;59m[38;5;59m▄[0m [0m [0m [48;5;59m[38;5;59m▄[0m [0m [0m [48;5;59m[38;5;16m▄[48;5;59m[38;5;16m▄[48;5;59m[38;5;16m▄[0m [0m [0m [48;5;59m[38;5;59m▄[48;5;59m[38;5;59m▄[0m
[48;5;59m[38;5;59m▄[48;5;59m[38;5;59m▄[48;5;59m[38;5;59m▄[0m [0m [0m [48;5;59m[38;5;59m▄[48;5;59m[38;5;59m▄[48;5;59m[38;5;16m▄[48;5;59m[38;5;16m▄[0m [48;5;59m[38;5;16m▄[48;5;59m[38;5;59m▄[48;5;59m[38;5;59m▄[48;5;59m[38;5;59m▄[48;5;59m[38;5;16m▄[48;5;59m[38;5;16m▄[48;5;59m[38;5;59m▄[48;5;59m[38;5;59m▄[48;5;59m[38;5;59m▄[48;5;59m[38;5;16m▄[0m [48;5;59m[38;5;16m▄[48;5;59m[38;5;59m▄[48;5;59m[38;5;59m▄[0m [0m [0m [0m [48;5;59m[38;5;59m▄[48;5;59m[38;5;59m▄[48;5;59m[38;5;59m▄[0m
[48;5;59m[38;5;16m▄[48;5;59m[38;5;59m▄[48;5;59m[38;5;59m▄[0m [0m [0m [0m [0m [0m [0m [0m [0m [0m [0m [0m [0m [0m [0m [0m [0m [0m [0m [0m [0m [0m [0m [0m [0m [48;5;59m[38;5;59m▄[48;5;59m[38;5;59m▄[48;5;59m[38;5;59m▄[0m [0m
[0m [48;5;59m[38;5;16m▄[48;5;59m[38;5;59m▄[48;5;59m[38;5;59m▄[48;5;59m[38;5;59m▄[48;5;59m[38;5;59m▄[0m [0m [0m [0m [0m [0m [0m [0m [0m [0m [0m [0m [0m [0m [0m [0m [0m [0m [0m [0m [48;5;59m[38;5;59m▄[48;5;59m[38;5;59m▄[48;5;59m[38;5;59m▄[48;5;59m[38;5;59m▄[48;5;16m[38;5;16m▄[0m [0m
[0m [0m [0m [48;5;59m[38;5;16m▄[48;5;59m[38;5;59m▄[48;5;59m[38;5;59m▄[48;5;59m[38;5;59m▄[48;5;59m[38;5;59m▄[48;5;59m[38;5;59m▄[0m [0m [0m [0m [0m [0m [0m [0m [0m [0m [0m [0m [0m [0m [48;5;59m[38;5;59m▄[48;5;59m[38;5;59m▄[48;5;59m[38;5;59m▄[48;5;59m[38;5;59m▄[48;5;59m[38;5;59m▄[48;5;59m[38;5;16m▄[0m [0m [0m [0m
[0m [0m [0m [0m [0m [0m [48;5;59m[38;5;16m▄[48;5;59m[38;5;16m▄[48;5;59m[38;5;16m▄[48;5;59m[38;5;59m▄[48;5;59m[38;5;59m▄[48;5;59m[38;5;59m▄[48;5;59m[38;5;59m▄[48;5;59m[38;5;59m▄[48;5;59m[38;5;59m▄[48;5;59m[38;5;59m▄[48;5;59m[38;5;59m▄[48;5;59m[38;5;59m▄[48;5;59m[38;5;59m▄[48;5;59m[38;5;59m▄[48;5;59m[38;5;59m▄[48;5;59m[38;5;59m▄[48;5;59m[38;5;59m▄[48;5;59m[38;5;16m▄[48;5;59m[38;5;16m▄[48;5;59m[38;5;16m▄[0m [0m [0m [0m [0m [0m [0m
2024-07-15 13:55 +08:00: 连接成功
2024-07-15 16:18 +08:00: [
  [32m'article.js'[39m,
  [32m'category.js'[39m,
  [32m'index.js'[39m,
  [32m'label.js'[39m,
  [32m'login.js'[39m,
  [32m'user.js'[39m
] -----
2024-07-15 16:18 +08:00: article.js 加载成功
2024-07-15 16:18 +08:00: category.js 加载成功
2024-07-15 16:18 +08:00: label.js 加载成功
2024-07-15 16:18 +08:00: login.js 加载成功
2024-07-15 16:18 +08:00: user.js 加载成功
2024-07-15 16:18 +08:00:  Line:17 🍇 /
2024-07-15 16:18 +08:00: server is running at port 3001
2024-07-15 16:18 +08:00: [0m [48;5;59m[38;5;59m▄[48;5;59m[38;5;59m▄[48;5;59m[38;5;59m▄[48;5;59m[38;5;59m▄[48;5;59m[38;5;59m▄[48;5;59m[38;5;59m▄[0m [0m [0m [0m [0m [0m [0m [0m [0m [0m [0m [0m [0m [0m [0m [0m [0m [0m [48;5;59m[38;5;59m▄[48;5;59m[38;5;59m▄[48;5;59m[38;5;59m▄[48;5;59m[38;5;59m▄[48;5;59m[38;5;59m▄[48;5;59m[38;5;59m▄[0m [0m
[48;5;59m[38;5;59m▄[48;5;59m[38;5;59m▄[48;5;59m[38;5;16m▄[0m [48;5;59m[38;5;16m▄[48;5;59m[38;5;16m▄[48;5;59m[38;5;16m▄[48;5;59m[38;5;59m▄[48;5;59m[38;5;59m▄[48;5;59m[38;5;59m▄[48;5;59m[38;5;59m▄[48;5;59m[38;5;59m▄[48;5;59m[38;5;59m▄[48;5;59m[38;5;16m▄[48;5;59m[38;5;16m▄[48;5;59m[38;5;16m▄[48;5;59m[38;5;16m▄[48;5;59m[38;5;16m▄[48;5;59m[38;5;16m▄[48;5;59m[38;5;59m▄[48;5;59m[38;5;59m▄[48;5;59m[38;5;59m▄[48;5;59m[38;5;59m▄[48;5;59m[38;5;59m▄[48;5;59m[38;5;59m▄[48;5;59m[38;5;16m▄[48;5;59m[38;5;16m▄[48;5;59m[38;5;16m▄[0m [48;5;59m[38;5;16m▄[48;5;59m[38;5;59m▄[48;5;59m[38;5;59m▄[0m
[48;5;59m[38;5;59m▄[48;5;59m[38;5;59m▄[0m [0m [0m [0m [48;5;59m[38;5;59m▄[48;5;59m[38;5;59m▄[48;5;59m[38;5;59m▄[48;5;59m[38;5;16m▄[0m [0m [0m [0m [0m [0m [0m [0m [0m [0m [0m [0m [48;5;59m[38;5;16m▄[48;5;59m[38;5;59m▄[48;5;59m[38;5;59m▄[48;5;59m[38;5;59m▄[0m [0m [0m [0m [48;5;59m[38;5;59m▄[48;5;59m[38;5;59m▄[0m
[48;5;59m[38;5;59m▄[48;5;59m[38;5;59m▄[0m [0m [48;5;59m[38;5;59m▄[48;5;59m[38;5;59m▄[48;5;59m[38;5;16m▄[0m [0m [0m [0m [0m [0m [0m [0m [0m [0m [0m [0m [0m [0m [0m [0m [0m [48;5;59m[38;5;16m▄[48;5;59m[38;5;59m▄[48;5;59m[38;5;59m▄[48;5;59m[38;5;59m▄[0m [0m [48;5;59m[38;5;59m▄[48;5;59m[38;5;59m▄[0m
[48;5;59m[38;5;59m▄[48;5;59m[38;5;59m▄[48;5;59m[38;5;59m▄[48;5;59m[38;5;59m▄[48;5;59m[38;5;59m▄[48;5;59m[38;5;16m▄[0m [0m [0m [0m [0m [0m [0m [0m [0m [0m [0m [0m [0m [0m [0m [0m [0m [0m [0m [0m [48;5;59m[38;5;16m▄[48;5;59m[38;5;59m▄[48;5;59m[38;5;59m▄[48;5;59m[38;5;59m▄[48;5;59m[38;5;59m▄[48;5;59m[38;5;59m▄[0m
[48;5;59m[38;5;59m▄[48;5;59m[38;5;59m▄[48;5;59m[38;5;59m▄[48;5;59m[38;5;59m▄[48;5;59m[38;5;16m▄[0m [0m [0m [0m [0m [0m [0m [0m [0m [0m [0m [0m [0m [0m [0m [0m [0m [0m [0m [0m [0m [0m [48;5;59m[38;5;16m▄[48;5;59m[38;5;59m▄[48;5;59m[38;5;59m▄[48;5;59m[38;5;59m▄[48;5;59m[38;5;59m▄[0m
[0m [48;5;59m[38;5;59m▄[48;5;59m[38;5;59m▄[48;5;59m[38;5;16m▄[0m [0m [0m [0m [0m [0m [0m [0m [0m [0m [0m [0m [0m [0m [0m [0m [0m [0m [0m [0m [0m [0m [0m [0m [48;5;59m[38;5;16m▄[48;5;59m[38;5;59m▄[48;5;59m[38;5;59m▄[0m [0m
[48;5;59m[38;5;59m▄[48;5;59m[38;5;59m▄[48;5;59m[38;5;59m▄[0m [0m [0m [0m [0m [48;5;59m[38;5;59m▄[48;5;59m[38;5;59m▄[48;5;59m[38;5;59m▄[48;5;59m[38;5;59m▄[0m [0m [0m [0m [0m [0m [0m [0m [48;5;59m[38;5;59m▄[48;5;59m[38;5;59m▄[48;5;59m[38;5;59m▄[48;5;59m[38;5;59m▄[0m [0m [0m [0m [0m [48;5;59m[38;5;59m▄[48;5;59m[38;5;59m▄[48;5;59m[38;5;59m▄[0m
[48;5;59m[38;5;59m▄[48;5;59m[38;5;59m▄[48;5;59m[38;5;16m▄[0m [0m [0m [0m [0m [48;5;59m[38;5;16m▄[48;5;59m[38;5;16m▄[48;5;59m[38;5;16m▄[48;5;59m[38;5;16m▄[0m [0m [0m [0m [0m [0m [0m [0m [48;5;59m[38;5;16m▄[48;5;59m[38;5;16m▄[48;5;59m[38;5;16m▄[48;5;59m[38;5;16m▄[0m [0m [0m [0m [0m [48;5;59m[38;5;16m▄[48;5;59m[38;5;59m▄[48;5;59m[38;5;59m▄[0m
[48;5;59m[38;5;59m▄[48;5;59m[38;5;59m▄[0m [0m [0m [0m [0m [0m [0m [0m [0m [0m [0m [0m [0m [0m [0m [0m [0m [0m [0m [0m [0m [0m [0m [0m [0m [0m [0m [0m [48;5;59m[38;5;59m▄[48;5;59m[38;5;59m▄[0m
[48;5;59m[38;5;59m▄[48;5;59m[38;5;59m▄[0m [0m [0m [48;5;59m[38;5;16m▄[48;5;59m[38;5;16m▄[48;5;59m[38;5;16m▄[0m [0m [0m [48;5;59m[38;5;59m▄[0m [0m [0m [48;5;59m[38;5;59m▄[48;5;59m[38;5;59m▄[0m [0m [0m [48;5;59m[38;5;59m▄[0m [0m [0m [48;5;59m[38;5;16m▄[48;5;59m[38;5;16m▄[48;5;59m[38;5;16m▄[0m [0m [0m [48;5;59m[38;5;59m▄[48;5;59m[38;5;59m▄[0m
[48;5;59m[38;5;59m▄[48;5;59m[38;5;59m▄[48;5;59m[38;5;59m▄[0m [0m [0m [48;5;59m[38;5;59m▄[48;5;59m[38;5;59m▄[48;5;59m[38;5;16m▄[48;5;59m[38;5;16m▄[0m [48;5;59m[38;5;16m▄[48;5;59m[38;5;59m▄[48;5;59m[38;5;59m▄[48;5;59m[38;5;59m▄[48;5;59m[38;5;16m▄[48;5;59m[38;5;16m▄[48;5;59m[38;5;59m▄[48;5;59m[38;5;59m▄[48;5;59m[38;5;59m▄[48;5;59m[38;5;16m▄[0m [48;5;59m[38;5;16m▄[48;5;59m[38;5;59m▄[48;5;59m[38;5;59m▄[0m [0m [0m [0m [48;5;59m[38;5;59m▄[48;5;59m[38;5;59m▄[48;5;59m[38;5;59m▄[0m
[48;5;59m[38;5;16m▄[48;5;59m[38;5;59m▄[48;5;59m[38;5;59m▄[0m [0m [0m [0m [0m [0m [0m [0m [0m [0m [0m [0m [0m [0m [0m [0m [0m [0m [0m [0m [0m [0m [0m [0m [0m [48;5;59m[38;5;59m▄[48;5;59m[38;5;59m▄[48;5;59m[38;5;59m▄[0m [0m
[0m [48;5;59m[38;5;16m▄[48;5;59m[38;5;59m▄[48;5;59m[38;5;59m▄[48;5;59m[38;5;59m▄[48;5;59m[38;5;59m▄[0m [0m [0m [0m [0m [0m [0m [0m [0m [0m [0m [0m [0m [0m [0m [0m [0m [0m [0m [0m [48;5;59m[38;5;59m▄[48;5;59m[38;5;59m▄[48;5;59m[38;5;59m▄[48;5;59m[38;5;59m▄[48;5;16m[38;5;16m▄[0m [0m
[0m [0m [0m [48;5;59m[38;5;16m▄[48;5;59m[38;5;59m▄[48;5;59m[38;5;59m▄[48;5;59m[38;5;59m▄[48;5;59m[38;5;59m▄[48;5;59m[38;5;59m▄[0m [0m [0m [0m [0m [0m [0m [0m [0m [0m [0m [0m [0m [0m [48;5;59m[38;5;59m▄[48;5;59m[38;5;59m▄[48;5;59m[38;5;59m▄[48;5;59m[38;5;59m▄[48;5;59m[38;5;59m▄[48;5;59m[38;5;16m▄[0m [0m [0m [0m
[0m [0m [0m [0m [0m [0m [48;5;59m[38;5;16m▄[48;5;59m[38;5;16m▄[48;5;59m[38;5;16m▄[48;5;59m[38;5;59m▄[48;5;59m[38;5;59m▄[48;5;59m[38;5;59m▄[48;5;59m[38;5;59m▄[48;5;59m[38;5;59m▄[48;5;59m[38;5;59m▄[48;5;59m[38;5;59m▄[48;5;59m[38;5;59m▄[48;5;59m[38;5;59m▄[48;5;59m[38;5;59m▄[48;5;59m[38;5;59m▄[48;5;59m[38;5;59m▄[48;5;59m[38;5;59m▄[48;5;59m[38;5;59m▄[48;5;59m[38;5;16m▄[48;5;59m[38;5;16m▄[48;5;59m[38;5;16m▄[0m [0m [0m [0m [0m [0m [0m
2024-07-15 16:18 +08:00: 连接成功
2024-07-15 16:19 +08:00: eyJhbGciOiJSUzI1NiIsInR5cCI6IkpXVCJ9.eyJpZCI6OSwibmFtZSI6ImFkbWluIiwiaWF0IjoxNzIxMDI3NTc0LCJleHAiOjE3MjM2MTk1NzR9.Fbjqjfc4qKshHjsWTTRR5xhvrRuoSfV1jx9pzJKXRv7cEBZjFRqXHLGm4X6dX2pBZgAgFuzGLaUtTUqn0aL-zOV45NNwHdI_tZ0DrJffOlACdy9E-CvjhJQa02yrTJENwpBH_K7a7nS93_Wi4_0J5PGV7l2vUk20aGBIZTzUeaxTqhrfsup4BWOx45cjvwn7qJP4evtvcQN_dtcUD7FuP1OoEWxq2g9i7GctUwQ2fUYZiOkVKj6BcvgUQgIMghiGFq2C1had16VgdqA4DoU9Ow2bv8D503ehoNkjDfyJB8w9aIPetJjGebGqsWSRBd1_8I2K6ZcTiU_fTG4MnHNp4w
2024-07-15 16:19 +08:00: { id: [33m9[39m, name: [32m'admin'[39m, iat: [33m1721027574[39m, exp: [33m1723619574[39m } ---payload
2024-07-15 16:19 +08:00:  Line:25 🍰 ctx {
  request: {
    method: [32m'GET'[39m,
    url: [32m'/api/v1/user/getMenuList'[39m,
    header: {
      host: [32m'localhost:3001'[39m,
      connection: [32m'keep-alive'[39m,
      [32m'sec-ch-ua'[39m: [32m'"Not/A)Brand";v="8", "Chromium";v="126", "Google Chrome";v="126"'[39m,
      accept: [32m'application/json, text/plain, */*'[39m,
      [32m'sec-ch-ua-mobile'[39m: [32m'?0'[39m,
      authorization: [32m'eyJhbGciOiJSUzI1NiIsInR5cCI6IkpXVCJ9.eyJpZCI6OSwibmFtZSI6ImFkbWluIiwiaWF0IjoxNzIxMDI3NTc0LCJleHAiOjE3MjM2MTk1NzR9.Fbjqjfc4qKshHjsWTTRR5xhvrRuoSfV1jx9pzJKXRv7cEBZjFRqXHLGm4X6dX2pBZgAgFuzGLaUtTUqn0aL-zOV45NNwHdI_tZ0DrJffOlACdy9E-CvjhJQa02yrTJENwpBH_K7a7nS93_Wi4_0J5PGV7l2vUk20aGBIZTzUeaxTqhrfsup4BWOx45cjvwn7qJP4evtvcQN_dtcUD7FuP1OoEWxq2g9i7GctUwQ2fUYZiOkVKj6BcvgUQgIMghiGFq2C1had16VgdqA4DoU9Ow2bv8D503ehoNkjDfyJB8w9aIPetJjGebGqsWSRBd1_8I2K6ZcTiU_fTG4MnHNp4w'[39m,
      [32m'user-agent'[39m: [32m'Mozilla/5.0 (Macintosh; Intel Mac OS X 10_15_7) AppleWebKit/537.36 (KHTML, like Gecko) Chrome/126.0.0.0 Safari/537.36'[39m,
      [32m'sec-ch-ua-platform'[39m: [32m'"macOS"'[39m,
      origin: [32m'http://localhost:5173'[39m,
      [32m'sec-fetch-site'[39m: [32m'same-site'[39m,
      [32m'sec-fetch-mode'[39m: [32m'cors'[39m,
      [32m'sec-fetch-dest'[39m: [32m'empty'[39m,
      referer: [32m'http://localhost:5173/'[39m,
      [32m'accept-encoding'[39m: [32m'gzip, deflate, br, zstd'[39m,
      [32m'accept-language'[39m: [32m'zh-CN,zh;q=0.9,en;q=0.8'[39m
    }
  },
  response: {
    status: [33m404[39m,
    message: [32m'Not Found'[39m,
    header: [Object: null prototype] {
      vary: [32m'Origin'[39m,
      [32m'access-control-allow-origin'[39m: [32m'*'[39m,
      [32m'access-control-expose-headers'[39m: [32m'WWW-Authenticate,Server-Authorization'[39m
    }
  },
  app: { subdomainOffset: [33m2[39m, proxy: [33mfalse[39m, env: [32m'development'[39m },
  originalUrl: [32m'/api/v1/user/getMenuList'[39m,
  req: [32m'<original node req>'[39m,
  res: [32m'<original node res>'[39m,
  socket: [32m'<original node socket>'[39m
}
2024-07-15 16:19 +08:00: eyJhbGciOiJSUzI1NiIsInR5cCI6IkpXVCJ9.eyJpZCI6OSwibmFtZSI6ImFkbWluIiwiaWF0IjoxNzIxMDI3NTc0LCJleHAiOjE3MjM2MTk1NzR9.Fbjqjfc4qKshHjsWTTRR5xhvrRuoSfV1jx9pzJKXRv7cEBZjFRqXHLGm4X6dX2pBZgAgFuzGLaUtTUqn0aL-zOV45NNwHdI_tZ0DrJffOlACdy9E-CvjhJQa02yrTJENwpBH_K7a7nS93_Wi4_0J5PGV7l2vUk20aGBIZTzUeaxTqhrfsup4BWOx45cjvwn7qJP4evtvcQN_dtcUD7FuP1OoEWxq2g9i7GctUwQ2fUYZiOkVKj6BcvgUQgIMghiGFq2C1had16VgdqA4DoU9Ow2bv8D503ehoNkjDfyJB8w9aIPetJjGebGqsWSRBd1_8I2K6ZcTiU_fTG4MnHNp4w
2024-07-15 16:19 +08:00: { id: [33m9[39m, name: [32m'admin'[39m, iat: [33m1721027574[39m, exp: [33m1723619574[39m } ---payload
2024-07-15 16:19 +08:00: 🚀 ~ CategoryService ~ getAll ~ categoryList: [
  { id: [33m1[39m, name: [32m'前端'[39m },
  { id: [33m2[39m, name: [32m'数据库'[39m },
  { id: [33m3[39m, name: [32m'webGIS'[39m },
  { id: [33m4[39m, name: [32m'后端'[39m }
]
2024-07-15 16:19 +08:00: eyJhbGciOiJSUzI1NiIsInR5cCI6IkpXVCJ9.eyJpZCI6OSwibmFtZSI6ImFkbWluIiwiaWF0IjoxNzIxMDI3NTc0LCJleHAiOjE3MjM2MTk1NzR9.Fbjqjfc4qKshHjsWTTRR5xhvrRuoSfV1jx9pzJKXRv7cEBZjFRqXHLGm4X6dX2pBZgAgFuzGLaUtTUqn0aL-zOV45NNwHdI_tZ0DrJffOlACdy9E-CvjhJQa02yrTJENwpBH_K7a7nS93_Wi4_0J5PGV7l2vUk20aGBIZTzUeaxTqhrfsup4BWOx45cjvwn7qJP4evtvcQN_dtcUD7FuP1OoEWxq2g9i7GctUwQ2fUYZiOkVKj6BcvgUQgIMghiGFq2C1had16VgdqA4DoU9Ow2bv8D503ehoNkjDfyJB8w9aIPetJjGebGqsWSRBd1_8I2K6ZcTiU_fTG4MnHNp4w
2024-07-15 16:19 +08:00: { id: [33m9[39m, name: [32m'admin'[39m, iat: [33m1721027574[39m, exp: [33m1723619574[39m } ---payload
2024-07-15 16:19 +08:00: 🚀 ~ CategoryService ~ getAll ~ categoryList: [
  { id: [33m1[39m, name: [32m'前端'[39m },
  { id: [33m2[39m, name: [32m'数据库'[39m },
  { id: [33m3[39m, name: [32m'webGIS'[39m },
  { id: [33m4[39m, name: [32m'后端'[39m }
]
2024-07-15 16:19 +08:00: eyJhbGciOiJSUzI1NiIsInR5cCI6IkpXVCJ9.eyJpZCI6OSwibmFtZSI6ImFkbWluIiwiaWF0IjoxNzIxMDI3NTc0LCJleHAiOjE3MjM2MTk1NzR9.Fbjqjfc4qKshHjsWTTRR5xhvrRuoSfV1jx9pzJKXRv7cEBZjFRqXHLGm4X6dX2pBZgAgFuzGLaUtTUqn0aL-zOV45NNwHdI_tZ0DrJffOlACdy9E-CvjhJQa02yrTJENwpBH_K7a7nS93_Wi4_0J5PGV7l2vUk20aGBIZTzUeaxTqhrfsup4BWOx45cjvwn7qJP4evtvcQN_dtcUD7FuP1OoEWxq2g9i7GctUwQ2fUYZiOkVKj6BcvgUQgIMghiGFq2C1had16VgdqA4DoU9Ow2bv8D503ehoNkjDfyJB8w9aIPetJjGebGqsWSRBd1_8I2K6ZcTiU_fTG4MnHNp4w
2024-07-15 16:19 +08:00: { id: [33m9[39m, name: [32m'admin'[39m, iat: [33m1721027574[39m, exp: [33m1723619574[39m } ---payload
2024-07-15 16:19 +08:00: eyJhbGciOiJSUzI1NiIsInR5cCI6IkpXVCJ9.eyJpZCI6OSwibmFtZSI6ImFkbWluIiwiaWF0IjoxNzIxMDI3NTc0LCJleHAiOjE3MjM2MTk1NzR9.Fbjqjfc4qKshHjsWTTRR5xhvrRuoSfV1jx9pzJKXRv7cEBZjFRqXHLGm4X6dX2pBZgAgFuzGLaUtTUqn0aL-zOV45NNwHdI_tZ0DrJffOlACdy9E-CvjhJQa02yrTJENwpBH_K7a7nS93_Wi4_0J5PGV7l2vUk20aGBIZTzUeaxTqhrfsup4BWOx45cjvwn7qJP4evtvcQN_dtcUD7FuP1OoEWxq2g9i7GctUwQ2fUYZiOkVKj6BcvgUQgIMghiGFq2C1had16VgdqA4DoU9Ow2bv8D503ehoNkjDfyJB8w9aIPetJjGebGqsWSRBd1_8I2K6ZcTiU_fTG4MnHNp4w
2024-07-15 16:19 +08:00: { id: [33m9[39m, name: [32m'admin'[39m, iat: [33m1721027574[39m, exp: [33m1723619574[39m } ---payload
2024-07-15 16:19 +08:00: 🚀 ~ CategoryService ~ getAll ~ categoryList: [
  { id: [33m1[39m, name: [32m'前端'[39m },
  { id: [33m2[39m, name: [32m'数据库'[39m },
  { id: [33m3[39m, name: [32m'webGIS'[39m },
  { id: [33m4[39m, name: [32m'后端'[39m }
]
2024-07-15 16:19 +08:00: eyJhbGciOiJSUzI1NiIsInR5cCI6IkpXVCJ9.eyJpZCI6OSwibmFtZSI6ImFkbWluIiwiaWF0IjoxNzIxMDI3NTc0LCJleHAiOjE3MjM2MTk1NzR9.Fbjqjfc4qKshHjsWTTRR5xhvrRuoSfV1jx9pzJKXRv7cEBZjFRqXHLGm4X6dX2pBZgAgFuzGLaUtTUqn0aL-zOV45NNwHdI_tZ0DrJffOlACdy9E-CvjhJQa02yrTJENwpBH_K7a7nS93_Wi4_0J5PGV7l2vUk20aGBIZTzUeaxTqhrfsup4BWOx45cjvwn7qJP4evtvcQN_dtcUD7FuP1OoEWxq2g9i7GctUwQ2fUYZiOkVKj6BcvgUQgIMghiGFq2C1had16VgdqA4DoU9Ow2bv8D503ehoNkjDfyJB8w9aIPetJjGebGqsWSRBd1_8I2K6ZcTiU_fTG4MnHNp4w
2024-07-15 16:19 +08:00: { id: [33m9[39m, name: [32m'admin'[39m, iat: [33m1721027574[39m, exp: [33m1723619574[39m } ---payload
2024-07-15 16:19 +08:00: 🚀 ~ CategoryService ~ getAll ~ categoryList: [
  { id: [33m1[39m, name: [32m'前端'[39m },
  { id: [33m2[39m, name: [32m'数据库'[39m },
  { id: [33m3[39m, name: [32m'webGIS'[39m },
  { id: [33m4[39m, name: [32m'后端'[39m }
]
2024-07-15 16:19 +08:00: eyJhbGciOiJSUzI1NiIsInR5cCI6IkpXVCJ9.eyJpZCI6OSwibmFtZSI6ImFkbWluIiwiaWF0IjoxNzIxMDI3NTc0LCJleHAiOjE3MjM2MTk1NzR9.Fbjqjfc4qKshHjsWTTRR5xhvrRuoSfV1jx9pzJKXRv7cEBZjFRqXHLGm4X6dX2pBZgAgFuzGLaUtTUqn0aL-zOV45NNwHdI_tZ0DrJffOlACdy9E-CvjhJQa02yrTJENwpBH_K7a7nS93_Wi4_0J5PGV7l2vUk20aGBIZTzUeaxTqhrfsup4BWOx45cjvwn7qJP4evtvcQN_dtcUD7FuP1OoEWxq2g9i7GctUwQ2fUYZiOkVKj6BcvgUQgIMghiGFq2C1had16VgdqA4DoU9Ow2bv8D503ehoNkjDfyJB8w9aIPetJjGebGqsWSRBd1_8I2K6ZcTiU_fTG4MnHNp4w
2024-07-15 16:19 +08:00: { id: [33m9[39m, name: [32m'admin'[39m, iat: [33m1721027574[39m, exp: [33m1723619574[39m } ---payload
2024-07-15 16:19 +08:00: 🚀 ~ CategoryService ~ getAll ~ categoryList: [
  { id: [33m1[39m, name: [32m'前端'[39m },
  { id: [33m2[39m, name: [32m'数据库'[39m },
  { id: [33m3[39m, name: [32m'webGIS'[39m },
  { id: [33m4[39m, name: [32m'后端'[39m }
]
2024-07-15 16:19 +08:00: eyJhbGciOiJSUzI1NiIsInR5cCI6IkpXVCJ9.eyJpZCI6OSwibmFtZSI6ImFkbWluIiwiaWF0IjoxNzIxMDI3NTc0LCJleHAiOjE3MjM2MTk1NzR9.Fbjqjfc4qKshHjsWTTRR5xhvrRuoSfV1jx9pzJKXRv7cEBZjFRqXHLGm4X6dX2pBZgAgFuzGLaUtTUqn0aL-zOV45NNwHdI_tZ0DrJffOlACdy9E-CvjhJQa02yrTJENwpBH_K7a7nS93_Wi4_0J5PGV7l2vUk20aGBIZTzUeaxTqhrfsup4BWOx45cjvwn7qJP4evtvcQN_dtcUD7FuP1OoEWxq2g9i7GctUwQ2fUYZiOkVKj6BcvgUQgIMghiGFq2C1had16VgdqA4DoU9Ow2bv8D503ehoNkjDfyJB8w9aIPetJjGebGqsWSRBd1_8I2K6ZcTiU_fTG4MnHNp4w
2024-07-15 16:19 +08:00: { id: [33m9[39m, name: [32m'admin'[39m, iat: [33m1721027574[39m, exp: [33m1723619574[39m } ---payload
